2026-07-07 18:38:55 [VisionSync] INFO === Demarrage sync Vision incremental ===
2026-07-07 18:39:03 [VisionSync] INFO Config syncee: GPF 2026
2026-07-07 18:41:29 [VisionSync] INFO Immatriculations: 10719 upsert
2026-07-07 18:41:30 [VisionSync] INFO Blacklist: 32 entrees syncees
2026-07-07 18:41:30 [VisionSync] INFO Sync terminee: 10719 immat, 32 blacklist
2026-07-07 18:44:26 [VisionSync] INFO === Demarrage sync Vision incremental ===
2026-07-07 18:44:29 [VisionSync] INFO Config syncee: GPF 2026
2026-07-07 18:47:15 [VisionSync] INFO Immatriculations: 10719 upsert
2026-07-07 18:47:15 [VisionSync] INFO Blacklist: 32 entrees syncees
2026-07-07 18:47:15 [VisionSync] INFO Sync terminee: 10719 immat, 32 blacklist
2026-07-07 18:49:25 [VisionSync] INFO === Demarrage sync Vision incremental ===
2026-07-07 18:49:31 [VisionSync] INFO Config syncee: GPF 2026
2026-07-07 18:52:18 [VisionSync] INFO Immatriculations: 10719 upsert
2026-07-07 18:52:18 [VisionSync] INFO Blacklist: 32 entrees syncees
2026-07-07 18:52:18 [VisionSync] INFO Sync terminee: 10719 immat, 32 blacklist
2026-07-07 18:53:55 [VisionSync] INFO === Demarrage sync Vision incremental ===
2026-07-07 18:54:00 [VisionSync] INFO Config syncee: GPF 2026
2026-07-07 18:56:54 [VisionSync] INFO Immatriculations: 10719 upsert
2026-07-07 18:56:54 [VisionSync] INFO Blacklist: 32 entrees syncees
2026-07-07 18:56:54 [VisionSync] INFO Sync terminee: 10719 immat, 32 blacklist
2026-07-07 18:59:26 [VisionSync] INFO === Demarrage sync Vision incremental ===
2026-07-07 18:59:30 [VisionSync] INFO Config syncee: GPF 2026
2026-07-07 19:02:36 [VisionSync] INFO Immatriculations: 10719 upsert
2026-07-07 19:02:36 [VisionSync] INFO Blacklist: 32 entrees syncees
2026-07-07 19:02:37 [VisionSync] INFO Sync terminee: 10719 immat, 32 blacklist
2026-07-07 19:04:26 [VisionSync] INFO === Demarrage sync Vision incremental ===
2026-07-07 19:04:32 [VisionSync] INFO Config syncee: GPF 2026
2026-07-07 19:07:45 [VisionSync] INFO Immatriculations: 10719 upsert
2026-07-07 19:07:45 [VisionSync] INFO Blacklist: 32 entrees syncees
2026-07-07 19:07:45 [VisionSync] INFO Sync terminee: 10719 immat, 32 blacklist
2026-07-07 19:08:55 [VisionSync] INFO === Demarrage sync Vision incremental ===
2026-07-07 19:08:59 [VisionSync] INFO Config syncee: GPF 2026
2026-07-07 19:12:25 [VisionSync] INFO Immatriculations: 10719 upsert
2026-07-07 19:12:25 [VisionSync] INFO Blacklist: 32 entrees syncees
2026-07-07 19:12:25 [VisionSync] INFO Sync terminee: 10719 immat, 32 blacklist
2026-07-07 19:14:26 [VisionSync] INFO === Demarrage sync Vision incremental ===
2026-07-07 19:14:32 [VisionSync] INFO Config syncee: GPF 2026
2026-07-07 19:18:12 [VisionSync] INFO Immatriculations: 10719 upsert
2026-07-07 19:18:12 [VisionSync] INFO Blacklist: 32 entrees syncees
2026-07-07 19:18:12 [VisionSync] INFO Sync terminee: 10719 immat, 32 blacklist
2026-07-07 19:19:25 [VisionSync] INFO === Demarrage sync Vision incremental ===
2026-07-07 19:19:29 [VisionSync] INFO Config syncee: GPF 2026
2026-07-07 19:23:12 [VisionSync] INFO Immatriculations: 10719 upsert
2026-07-07 19:23:12 [VisionSync] INFO Blacklist: 32 entrees syncees
2026-07-07 19:23:12 [VisionSync] INFO Sync terminee: 10719 immat, 32 blacklist
2026-07-07 19:23:56 [VisionSync] INFO === Demarrage sync Vision incremental ===
2026-07-07 19:24:02 [VisionSync] INFO Config syncee: GPF 2026
2026-07-07 19:27:52 [VisionSync] INFO Immatriculations: 10719 upsert
2026-07-07 19:27:52 [VisionSync] INFO Blacklist: 32 entrees syncees
2026-07-07 19:27:52 [VisionSync] INFO Sync terminee: 10719 immat, 32 blacklist
2026-07-07 19:29:26 [VisionSync] INFO === Demarrage sync Vision incremental ===
2026-07-07 19:29:31 [VisionSync] INFO Config syncee: GPF 2026
2026-07-07 19:32:40 [VisionSync] INFO Immatriculations: 10719 upsert
2026-07-07 19:32:40 [VisionSync] INFO Blacklist: 32 entrees syncees
2026-07-07 19:32:40 [VisionSync] INFO Sync terminee: 10719 immat, 32 blacklist
2026-07-07 19:34:25 [VisionSync] INFO === Demarrage sync Vision incremental ===
2026-07-07 19:34:34 [VisionSync] INFO Config syncee: GPF 2026
2026-07-07 19:37:06 [VisionSync] INFO Immatriculations: 10719 upsert
2026-07-07 19:37:07 [VisionSync] INFO Blacklist: 32 entrees syncees
2026-07-07 19:37:07 [VisionSync] INFO Sync terminee: 10719 immat, 32 blacklist
2026-07-07 19:38:55 [VisionSync] INFO === Demarrage sync Vision incremental ===
2026-07-07 19:39:02 [VisionSync] INFO Config syncee: GPF 2026
2026-07-07 19:41:47 [VisionSync] INFO Immatriculations: 10719 upsert
2026-07-07 19:41:48 [VisionSync] INFO Blacklist: 32 entrees syncees
2026-07-07 19:41:48 [VisionSync] INFO Sync terminee: 10719 immat, 32 blacklist
2026-07-07 19:44:26 [VisionSync] INFO === Demarrage sync Vision incremental ===
2026-07-07 19:44:28 [VisionSync] INFO Config syncee: GPF 2026
2026-07-07 19:47:22 [VisionSync] INFO Immatriculations: 10719 upsert
2026-07-07 19:47:22 [VisionSync] INFO Blacklist: 32 entrees syncees
2026-07-07 19:47:22 [VisionSync] INFO Sync terminee: 10719 immat, 32 blacklist
2026-07-07 19:49:25 [VisionSync] INFO === Demarrage sync Vision incremental ===
2026-07-07 19:49:29 [VisionSync] INFO Config syncee: GPF 2026
2026-07-07 19:52:21 [VisionSync] INFO Immatriculations: 10719 upsert
2026-07-07 19:52:21 [VisionSync] INFO Blacklist: 32 entrees syncees
2026-07-07 19:52:21 [VisionSync] INFO Sync terminee: 10719 immat, 32 blacklist
2026-07-07 19:53:56 [VisionSync] INFO === Demarrage sync Vision incremental ===
2026-07-07 19:54:02 [VisionSync] INFO Config syncee: GPF 2026
2026-07-07 19:57:00 [VisionSync] INFO Immatriculations: 10719 upsert
2026-07-07 19:57:00 [VisionSync] INFO Blacklist: 32 entrees syncees
2026-07-07 19:57:00 [VisionSync] INFO Sync terminee: 10719 immat, 32 blacklist
2026-07-07 19:59:26 [VisionSync] INFO === Demarrage sync Vision incremental ===
2026-07-07 19:59:29 [VisionSync] INFO Config syncee: GPF 2026
2026-07-07 20:02:17 [VisionSync] INFO Immatriculations: 10719 upsert
2026-07-07 20:02:17 [VisionSync] INFO Blacklist: 32 entrees syncees
2026-07-07 20:02:17 [VisionSync] INFO Sync terminee: 10719 immat, 32 blacklist
2026-07-07 20:04:25 [VisionSync] INFO === Demarrage sync Vision incremental ===
2026-07-07 20:04:31 [VisionSync] INFO Config syncee: GPF 2026
2026-07-07 20:07:39 [VisionSync] INFO Immatriculations: 10719 upsert
2026-07-07 20:07:39 [VisionSync] INFO Blacklist: 32 entrees syncees
2026-07-07 20:07:39 [VisionSync] INFO Sync terminee: 10719 immat, 32 blacklist
2026-07-07 20:08:55 [VisionSync] INFO === Demarrage sync Vision incremental ===
2026-07-07 20:08:59 [VisionSync] INFO Config syncee: GPF 2026
2026-07-07 20:12:29 [VisionSync] INFO Immatriculations: 10719 upsert
2026-07-07 20:12:29 [VisionSync] INFO Blacklist: 32 entrees syncees
2026-07-07 20:12:29 [VisionSync] INFO Sync terminee: 10719 immat, 32 blacklist
2026-07-07 20:14:26 [VisionSync] INFO === Demarrage sync Vision incremental ===
2026-07-07 20:14:32 [VisionSync] INFO Config syncee: GPF 2026
2026-07-07 20:18:02 [VisionSync] INFO Immatriculations: 10719 upsert
2026-07-07 20:18:03 [VisionSync] INFO Blacklist: 32 entrees syncees
2026-07-07 20:18:03 [VisionSync] INFO Sync terminee: 10719 immat, 32 blacklist
2026-07-07 20:19:25 [VisionSync] INFO === Demarrage sync Vision incremental ===
2026-07-07 20:19:32 [VisionSync] INFO Config syncee: GPF 2026
2026-07-07 20:22:54 [VisionSync] INFO Immatriculations: 10719 upsert
2026-07-07 20:22:55 [VisionSync] INFO Blacklist: 32 entrees syncees
2026-07-07 20:22:55 [VisionSync] INFO Sync terminee: 10719 immat, 32 blacklist
2026-07-07 20:23:56 [VisionSync] INFO === Demarrage sync Vision incremental ===
2026-07-07 20:24:05 [VisionSync] INFO Config syncee: GPF 2026
2026-07-07 20:27:17 [VisionSync] INFO Immatriculations: 10719 upsert
2026-07-07 20:27:18 [VisionSync] INFO Blacklist: 32 entrees syncees
2026-07-07 20:27:18 [VisionSync] INFO Sync terminee: 10719 immat, 32 blacklist
2026-07-07 20:29:26 [VisionSync] INFO === Demarrage sync Vision incremental ===
2026-07-07 20:29:28 [VisionSync] INFO Config syncee: GPF 2026
2026-07-07 20:32:38 [VisionSync] INFO Immatriculations: 10719 upsert
2026-07-07 20:32:38 [VisionSync] INFO Blacklist: 32 entrees syncees
2026-07-07 20:32:38 [VisionSync] INFO Sync terminee: 10719 immat, 32 blacklist
2026-07-07 20:33:56 [VisionSync] INFO === Demarrage sync Vision incremental ===
2026-07-07 20:34:04 [VisionSync] INFO Config syncee: GPF 2026
2026-07-07 20:37:21 [VisionSync] INFO Immatriculations: 10719 upsert
2026-07-07 20:37:21 [VisionSync] INFO Blacklist: 32 entrees syncees
2026-07-07 20:37:21 [VisionSync] INFO Sync terminee: 10719 immat, 32 blacklist
2026-07-07 20:38:55 [VisionSync] INFO === Demarrage sync Vision incremental ===
2026-07-07 20:38:59 [VisionSync] INFO Config syncee: GPF 2026
2026-07-07 20:42:22 [VisionSync] INFO Immatriculations: 10719 upsert
2026-07-07 20:42:22 [VisionSync] INFO Blacklist: 32 entrees syncees
2026-07-07 20:42:22 [VisionSync] INFO Sync terminee: 10719 immat, 32 blacklist
2026-07-07 20:43:55 [VisionSync] INFO === Demarrage sync Vision incremental ===
2026-07-07 20:44:01 [VisionSync] INFO Config syncee: GPF 2026
2026-07-07 20:47:30 [VisionSync] INFO Immatriculations: 10719 upsert
2026-07-07 20:47:30 [VisionSync] INFO Blacklist: 32 entrees syncees
2026-07-07 20:47:30 [VisionSync] INFO Sync terminee: 10719 immat, 32 blacklist
2026-07-07 20:48:55 [VisionSync] INFO === Demarrage sync Vision incremental ===
2026-07-07 20:48:59 [VisionSync] INFO Config syncee: GPF 2026
2026-07-07 20:52:28 [VisionSync] INFO Immatriculations: 10719 upsert
2026-07-07 20:52:28 [VisionSync] INFO Blacklist: 32 entrees syncees
2026-07-07 20:52:28 [VisionSync] INFO Sync terminee: 10719 immat, 32 blacklist
2026-07-07 20:53:55 [VisionSync] INFO === Demarrage sync Vision incremental ===
2026-07-07 20:54:02 [VisionSync] INFO Config syncee: GPF 2026
2026-07-07 20:57:27 [VisionSync] INFO Immatriculations: 10719 upsert
2026-07-07 20:57:28 [VisionSync] INFO Blacklist: 32 entrees syncees
2026-07-07 20:57:28 [VisionSync] INFO Sync terminee: 10719 immat, 32 blacklist
2026-07-07 20:59:26 [VisionSync] INFO === Demarrage sync Vision incremental ===
2026-07-07 20:59:28 [VisionSync] INFO Config syncee: GPF 2026
2026-07-07 21:03:07 [VisionSync] INFO Immatriculations: 10719 upsert
2026-07-07 21:03:07 [VisionSync] INFO Blacklist: 32 entrees syncees
2026-07-07 21:03:07 [VisionSync] INFO Sync terminee: 10719 immat, 32 blacklist
2026-07-07 21:04:26 [VisionSync] INFO === Demarrage sync Vision incremental ===
2026-07-07 21:04:32 [VisionSync] INFO Config syncee: GPF 2026
2026-07-07 21:07:22 [VisionSync] INFO Immatriculations: 10719 upsert
2026-07-07 21:07:22 [VisionSync] INFO Blacklist: 32 entrees syncees
2026-07-07 21:07:22 [VisionSync] INFO Sync terminee: 10719 immat, 32 blacklist
2026-07-07 21:08:55 [VisionSync] INFO === Demarrage sync Vision incremental ===
2026-07-07 21:08:59 [VisionSync] INFO Config syncee: GPF 2026
2026-07-07 21:11:58 [VisionSync] INFO Immatriculations: 10719 upsert
2026-07-07 21:11:58 [VisionSync] INFO Blacklist: 32 entrees syncees
2026-07-07 21:11:58 [VisionSync] INFO Sync terminee: 10719 immat, 32 blacklist
2026-07-07 21:14:26 [VisionSync] INFO === Demarrage sync Vision incremental ===
2026-07-07 21:14:28 [VisionSync] INFO Config syncee: GPF 2026
2026-07-07 21:17:35 [VisionSync] INFO Immatriculations: 10719 upsert
2026-07-07 21:17:35 [VisionSync] INFO Blacklist: 32 entrees syncees
2026-07-07 21:17:35 [VisionSync] INFO Sync terminee: 10719 immat, 32 blacklist
2026-07-07 21:19:25 [VisionSync] INFO === Demarrage sync Vision incremental ===
2026-07-07 21:19:27 [VisionSync] INFO Config syncee: GPF 2026
2026-07-07 21:22:32 [VisionSync] INFO Immatriculations: 10719 upsert
2026-07-07 21:22:33 [VisionSync] INFO Blacklist: 32 entrees syncees
2026-07-07 21:22:33 [VisionSync] INFO Sync terminee: 10719 immat, 32 blacklist
2026-07-07 21:23:55 [VisionSync] INFO === Demarrage sync Vision incremental ===
2026-07-07 21:24:02 [VisionSync] INFO Config syncee: GPF 2026
2026-07-07 21:27:16 [VisionSync] INFO Immatriculations: 10719 upsert
2026-07-07 21:27:17 [VisionSync] INFO Blacklist: 32 entrees syncees
2026-07-07 21:27:17 [VisionSync] INFO Sync terminee: 10719 immat, 32 blacklist
2026-07-07 21:29:26 [VisionSync] INFO === Demarrage sync Vision incremental ===
2026-07-07 21:29:29 [VisionSync] INFO Config syncee: GPF 2026
2026-07-07 21:32:33 [VisionSync] INFO Immatriculations: 10719 upsert
2026-07-07 21:32:33 [VisionSync] INFO Blacklist: 32 entrees syncees
2026-07-07 21:32:33 [VisionSync] INFO Sync terminee: 10719 immat, 32 blacklist
2026-07-07 21:34:26 [VisionSync] INFO === Demarrage sync Vision incremental ===
2026-07-07 21:34:31 [VisionSync] INFO Config syncee: GPF 2026
2026-07-07 21:37:37 [VisionSync] INFO Immatriculations: 10719 upsert
2026-07-07 21:37:37 [VisionSync] INFO Blacklist: 32 entrees syncees
2026-07-07 21:37:37 [VisionSync] INFO Sync terminee: 10719 immat, 32 blacklist
2026-07-07 21:38:55 [VisionSync] INFO === Demarrage sync Vision incremental ===
2026-07-07 21:39:00 [VisionSync] INFO Config syncee: GPF 2026
2026-07-07 21:41:41 [VisionSync] INFO Immatriculations: 10719 upsert
2026-07-07 21:41:41 [VisionSync] INFO Blacklist: 32 entrees syncees
2026-07-07 21:41:41 [VisionSync] INFO Sync terminee: 10719 immat, 32 blacklist
2026-07-07 21:44:26 [VisionSync] INFO === Demarrage sync Vision incremental ===
2026-07-07 21:44:28 [VisionSync] INFO Config syncee: GPF 2026
2026-07-07 21:47:18 [VisionSync] INFO Immatriculations: 10719 upsert
2026-07-07 21:47:19 [VisionSync] INFO Blacklist: 32 entrees syncees
2026-07-07 21:47:19 [VisionSync] INFO Sync terminee: 10719 immat, 32 blacklist
2026-07-07 21:49:40 [VisionSync] INFO === Demarrage sync Vision incremental ===
2026-07-07 21:49:44 [VisionSync] INFO Config syncee: GPF 2026
2026-07-07 21:52:38 [VisionSync] INFO Immatriculations: 10719 upsert
2026-07-07 21:52:38 [VisionSync] INFO Blacklist: 32 entrees syncees
2026-07-07 21:52:38 [VisionSync] INFO Sync terminee: 10719 immat, 32 blacklist
2026-07-07 21:53:55 [VisionSync] INFO === Demarrage sync Vision incremental ===
2026-07-07 21:54:01 [VisionSync] INFO Config syncee: GPF 2026
2026-07-07 21:57:02 [VisionSync] INFO Immatriculations: 10719 upsert
2026-07-07 21:57:03 [VisionSync] INFO Blacklist: 32 entrees syncees
2026-07-07 21:57:03 [VisionSync] INFO Sync terminee: 10719 immat, 32 blacklist
2026-07-07 21:59:26 [VisionSync] INFO === Demarrage sync Vision incremental ===
2026-07-07 21:59:27 [VisionSync] INFO Config syncee: GPF 2026
2026-07-07 22:02:34 [VisionSync] INFO Immatriculations: 10719 upsert
2026-07-07 22:02:35 [VisionSync] INFO Blacklist: 32 entrees syncees
2026-07-07 22:02:35 [VisionSync] INFO Sync terminee: 10719 immat, 32 blacklist
2026-07-07 22:04:26 [VisionSync] INFO === Demarrage sync Vision incremental ===
2026-07-07 22:04:33 [VisionSync] INFO Config syncee: GPF 2026
2026-07-07 22:07:40 [VisionSync] INFO Immatriculations: 10719 upsert
2026-07-07 22:07:40 [VisionSync] INFO Blacklist: 32 entrees syncees
2026-07-07 22:07:40 [VisionSync] INFO Sync terminee: 10719 immat, 32 blacklist
2026-07-07 22:08:55 [VisionSync] INFO === Demarrage sync Vision incremental ===
2026-07-07 22:08:59 [VisionSync] INFO Config syncee: GPF 2026
2026-07-07 22:12:18 [VisionSync] INFO Immatriculations: 10719 upsert
2026-07-07 22:12:19 [VisionSync] INFO Blacklist: 32 entrees syncees
2026-07-07 22:12:19 [VisionSync] INFO Sync terminee: 10719 immat, 32 blacklist
2026-07-07 22:14:26 [VisionSync] INFO === Demarrage sync Vision incremental ===
2026-07-07 22:14:32 [VisionSync] INFO Config syncee: GPF 2026
2026-07-07 22:17:59 [VisionSync] INFO Immatriculations: 10719 upsert
2026-07-07 22:17:59 [VisionSync] INFO Blacklist: 32 entrees syncees
2026-07-07 22:17:59 [VisionSync] INFO Sync terminee: 10719 immat, 32 blacklist
2026-07-07 22:19:25 [VisionSync] INFO === Demarrage sync Vision incremental ===
2026-07-07 22:19:28 [VisionSync] INFO Config syncee: GPF 2026
2026-07-07 22:22:53 [VisionSync] INFO Immatriculations: 10719 upsert
2026-07-07 22:22:53 [VisionSync] INFO Blacklist: 32 entrees syncees
2026-07-07 22:22:53 [VisionSync] INFO Sync terminee: 10719 immat, 32 blacklist
2026-07-07 22:23:55 [VisionSync] INFO === Demarrage sync Vision incremental ===
2026-07-07 22:24:01 [VisionSync] INFO Config syncee: GPF 2026
2026-07-07 22:27:30 [VisionSync] INFO Immatriculations: 10719 upsert
2026-07-07 22:27:30 [VisionSync] INFO Blacklist: 32 entrees syncees
2026-07-07 22:27:30 [VisionSync] INFO Sync terminee: 10719 immat, 32 blacklist
2026-07-07 22:29:26 [VisionSync] INFO === Demarrage sync Vision incremental ===
2026-07-07 22:29:28 [VisionSync] INFO Config syncee: GPF 2026
2026-07-07 22:32:35 [VisionSync] INFO Immatriculations: 10719 upsert
2026-07-07 22:32:36 [VisionSync] INFO Blacklist: 32 entrees syncees
2026-07-07 22:32:36 [VisionSync] INFO Sync terminee: 10719 immat, 32 blacklist
2026-07-07 22:34:25 [VisionSync] INFO === Demarrage sync Vision incremental ===
2026-07-07 22:34:32 [VisionSync] INFO Config syncee: GPF 2026
2026-07-07 22:37:20 [VisionSync] INFO Immatriculations: 10719 upsert
2026-07-07 22:37:20 [VisionSync] INFO Blacklist: 32 entrees syncees
2026-07-07 22:37:20 [VisionSync] INFO Sync terminee: 10719 immat, 32 blacklist
2026-07-07 22:38:55 [VisionSync] INFO === Demarrage sync Vision incremental ===
2026-07-07 22:38:59 [VisionSync] INFO Config syncee: GPF 2026
2026-07-07 22:42:03 [VisionSync] INFO Immatriculations: 10719 upsert
2026-07-07 22:42:03 [VisionSync] INFO Blacklist: 32 entrees syncees
2026-07-07 22:42:03 [VisionSync] INFO Sync terminee: 10719 immat, 32 blacklist
2026-07-07 22:44:10 [VisionSync] INFO === Demarrage sync Vision incremental ===
2026-07-07 22:44:14 [VisionSync] INFO Config syncee: GPF 2026
2026-07-07 22:47:20 [VisionSync] INFO Immatriculations: 10719 upsert
2026-07-07 22:47:21 [VisionSync] INFO Blacklist: 32 entrees syncees
2026-07-07 22:47:21 [VisionSync] INFO Sync terminee: 10719 immat, 32 blacklist
2026-07-07 22:49:25 [VisionSync] INFO === Demarrage sync Vision incremental ===
2026-07-07 22:49:29 [VisionSync] INFO Config syncee: GPF 2026
2026-07-07 22:52:14 [VisionSync] INFO Immatriculations: 10719 upsert
2026-07-07 22:52:14 [VisionSync] INFO Blacklist: 32 entrees syncees
2026-07-07 22:52:14 [VisionSync] INFO Sync terminee: 10719 immat, 32 blacklist
2026-07-07 22:53:55 [VisionSync] INFO === Demarrage sync Vision incremental ===
2026-07-07 22:54:01 [VisionSync] INFO Config syncee: GPF 2026
2026-07-07 22:56:46 [VisionSync] INFO Immatriculations: 10719 upsert
2026-07-07 22:56:46 [VisionSync] INFO Blacklist: 32 entrees syncees
2026-07-07 22:56:46 [VisionSync] INFO Sync terminee: 10719 immat, 32 blacklist
2026-07-07 22:59:26 [VisionSync] INFO === Demarrage sync Vision incremental ===
2026-07-07 22:59:31 [VisionSync] INFO Config syncee: GPF 2026
2026-07-07 23:02:30 [VisionSync] INFO Immatriculations: 10719 upsert
2026-07-07 23:02:30 [VisionSync] INFO Blacklist: 32 entrees syncees
2026-07-07 23:02:30 [VisionSync] INFO Sync terminee: 10719 immat, 32 blacklist
2026-07-07 23:04:25 [VisionSync] INFO === Demarrage sync Vision incremental ===
2026-07-07 23:04:32 [VisionSync] INFO Config syncee: GPF 2026
2026-07-07 23:07:32 [VisionSync] INFO Immatriculations: 10719 upsert
2026-07-07 23:07:32 [VisionSync] INFO Blacklist: 32 entrees syncees
2026-07-07 23:07:32 [VisionSync] INFO Sync terminee: 10719 immat, 32 blacklist
2026-07-07 23:08:55 [VisionSync] INFO === Demarrage sync Vision incremental ===
2026-07-07 23:09:00 [VisionSync] INFO Config syncee: GPF 2026
2026-07-07 23:12:12 [VisionSync] INFO Immatriculations: 10719 upsert
2026-07-07 23:12:12 [VisionSync] INFO Blacklist: 32 entrees syncees
2026-07-07 23:12:12 [VisionSync] INFO Sync terminee: 10719 immat, 32 blacklist
2026-07-07 23:14:26 [VisionSync] INFO === Demarrage sync Vision incremental ===
2026-07-07 23:14:30 [VisionSync] INFO Config syncee: GPF 2026
2026-07-07 23:17:56 [VisionSync] INFO Immatriculations: 10719 upsert
2026-07-07 23:17:56 [VisionSync] INFO Blacklist: 32 entrees syncees
2026-07-07 23:17:56 [VisionSync] INFO Sync terminee: 10719 immat, 32 blacklist
2026-07-07 23:19:26 [VisionSync] INFO === Demarrage sync Vision incremental ===
2026-07-07 23:19:29 [VisionSync] INFO Config syncee: GPF 2026
2026-07-07 23:22:58 [VisionSync] INFO Immatriculations: 10719 upsert
2026-07-07 23:22:58 [VisionSync] INFO Blacklist: 32 entrees syncees
2026-07-07 23:22:58 [VisionSync] INFO Sync terminee: 10719 immat, 32 blacklist
2026-07-07 23:23:55 [VisionSync] INFO === Demarrage sync Vision incremental ===
2026-07-07 23:24:03 [VisionSync] INFO Config syncee: GPF 2026
2026-07-07 23:27:32 [VisionSync] INFO Immatriculations: 10719 upsert
2026-07-07 23:27:33 [VisionSync] INFO Blacklist: 32 entrees syncees
2026-07-07 23:27:33 [VisionSync] INFO Sync terminee: 10719 immat, 32 blacklist
2026-07-07 23:29:26 [VisionSync] INFO === Demarrage sync Vision incremental ===
2026-07-07 23:29:28 [VisionSync] INFO Config syncee: GPF 2026
2026-07-07 23:32:48 [VisionSync] INFO Immatriculations: 10719 upsert
2026-07-07 23:32:49 [VisionSync] INFO Blacklist: 32 entrees syncees
2026-07-07 23:32:49 [VisionSync] INFO Sync terminee: 10719 immat, 32 blacklist
2026-07-07 23:34:25 [VisionSync] INFO === Demarrage sync Vision incremental ===
2026-07-07 23:34:33 [VisionSync] INFO Config syncee: GPF 2026
2026-07-07 23:37:58 [VisionSync] INFO Immatriculations: 10719 upsert
2026-07-07 23:37:58 [VisionSync] INFO Blacklist: 32 entrees syncees
2026-07-07 23:37:58 [VisionSync] INFO Sync terminee: 10719 immat, 32 blacklist
2026-07-07 23:38:55 [VisionSync] INFO === Demarrage sync Vision incremental ===
2026-07-07 23:39:00 [VisionSync] INFO Config syncee: GPF 2026
2026-07-07 23:41:59 [VisionSync] INFO Immatriculations: 10719 upsert
2026-07-07 23:41:59 [VisionSync] INFO Blacklist: 32 entrees syncees
2026-07-07 23:41:59 [VisionSync] INFO Sync terminee: 10719 immat, 32 blacklist
2026-07-07 23:44:26 [VisionSync] INFO === Demarrage sync Vision incremental ===
2026-07-07 23:44:27 [VisionSync] INFO Config syncee: GPF 2026
2026-07-07 23:47:16 [VisionSync] INFO Immatriculations: 10719 upsert
2026-07-07 23:47:16 [VisionSync] INFO Blacklist: 32 entrees syncees
2026-07-07 23:47:16 [VisionSync] INFO Sync terminee: 10719 immat, 32 blacklist
2026-07-07 23:49:25 [VisionSync] INFO === Demarrage sync Vision incremental ===
2026-07-07 23:49:28 [VisionSync] INFO Config syncee: GPF 2026
2026-07-07 23:52:21 [VisionSync] INFO Immatriculations: 10719 upsert
2026-07-07 23:52:21 [VisionSync] INFO Blacklist: 32 entrees syncees
2026-07-07 23:52:21 [VisionSync] INFO Sync terminee: 10719 immat, 32 blacklist
2026-07-07 23:53:56 [VisionSync] INFO === Demarrage sync Vision incremental ===
2026-07-07 23:54:01 [VisionSync] INFO Config syncee: GPF 2026
2026-07-07 23:56:53 [VisionSync] INFO Immatriculations: 10719 upsert
2026-07-07 23:56:54 [VisionSync] INFO Blacklist: 32 entrees syncees
2026-07-07 23:56:54 [VisionSync] INFO Sync terminee: 10719 immat, 32 blacklist
2026-07-07 23:59:26 [VisionSync] INFO === Demarrage sync Vision incremental ===
2026-07-07 23:59:28 [VisionSync] INFO Config syncee: GPF 2026
2026-07-08 00:02:21 [VisionSync] INFO Immatriculations: 10719 upsert
2026-07-08 00:02:22 [VisionSync] INFO Blacklist: 32 entrees syncees
2026-07-08 00:02:22 [VisionSync] INFO Sync terminee: 10719 immat, 32 blacklist
2026-07-08 00:04:25 [VisionSync] INFO === Demarrage sync Vision incremental ===
2026-07-08 00:04:33 [VisionSync] INFO Config syncee: GPF 2026
2026-07-08 00:07:27 [VisionSync] INFO Immatriculations: 10719 upsert
2026-07-08 00:07:28 [VisionSync] INFO Blacklist: 32 entrees syncees
2026-07-08 00:07:28 [VisionSync] INFO Sync terminee: 10719 immat, 32 blacklist
2026-07-08 00:08:55 [VisionSync] INFO === Demarrage sync Vision incremental ===
2026-07-08 00:08:59 [VisionSync] INFO Config syncee: GPF 2026
2026-07-08 00:11:52 [VisionSync] INFO Immatriculations: 10719 upsert
2026-07-08 00:11:53 [VisionSync] INFO Blacklist: 32 entrees syncees
2026-07-08 00:11:53 [VisionSync] INFO Sync terminee: 10719 immat, 32 blacklist
2026-07-08 00:14:26 [VisionSync] INFO === Demarrage sync Vision incremental ===
2026-07-08 00:14:32 [VisionSync] INFO Config syncee: GPF 2026
2026-07-08 00:17:39 [VisionSync] INFO Immatriculations: 10719 upsert
2026-07-08 00:17:39 [VisionSync] INFO Blacklist: 32 entrees syncees
2026-07-08 00:17:39 [VisionSync] INFO Sync terminee: 10719 immat, 32 blacklist
2026-07-08 00:19:26 [VisionSync] INFO === Demarrage sync Vision incremental ===
2026-07-08 00:19:30 [VisionSync] INFO Config syncee: GPF 2026
2026-07-08 00:22:34 [VisionSync] INFO Immatriculations: 10719 upsert
2026-07-08 00:22:34 [VisionSync] INFO Blacklist: 32 entrees syncees
2026-07-08 00:22:34 [VisionSync] INFO Sync terminee: 10719 immat, 32 blacklist
2026-07-08 00:23:55 [VisionSync] INFO === Demarrage sync Vision incremental ===
2026-07-08 00:24:02 [VisionSync] INFO Config syncee: GPF 2026
2026-07-08 00:27:07 [VisionSync] INFO Immatriculations: 10719 upsert
2026-07-08 00:27:07 [VisionSync] INFO Blacklist: 32 entrees syncees
2026-07-08 00:27:07 [VisionSync] INFO Sync terminee: 10719 immat, 32 blacklist
2026-07-08 00:29:26 [VisionSync] INFO === Demarrage sync Vision incremental ===
2026-07-08 00:29:29 [VisionSync] INFO Config syncee: GPF 2026
2026-07-08 00:32:42 [VisionSync] INFO Immatriculations: 10719 upsert
2026-07-08 00:32:42 [VisionSync] INFO Blacklist: 32 entrees syncees
2026-07-08 00:32:42 [VisionSync] INFO Sync terminee: 10719 immat, 32 blacklist
2026-07-08 00:34:26 [VisionSync] INFO === Demarrage sync Vision incremental ===
2026-07-08 00:34:32 [VisionSync] INFO Config syncee: GPF 2026
2026-07-08 00:37:50 [VisionSync] INFO Immatriculations: 10719 upsert
2026-07-08 00:37:50 [VisionSync] INFO Blacklist: 32 entrees syncees
2026-07-08 00:37:50 [VisionSync] INFO Sync terminee: 10719 immat, 32 blacklist
2026-07-08 00:38:55 [VisionSync] INFO === Demarrage sync Vision incremental ===
2026-07-08 00:38:59 [VisionSync] INFO Config syncee: GPF 2026
2026-07-08 00:42:27 [VisionSync] INFO Immatriculations: 10719 upsert
2026-07-08 00:42:27 [VisionSync] INFO Blacklist: 32 entrees syncees
2026-07-08 00:42:27 [VisionSync] INFO Sync terminee: 10719 immat, 32 blacklist
2026-07-08 00:43:55 [VisionSync] INFO === Demarrage sync Vision incremental ===
2026-07-08 00:43:58 [VisionSync] INFO Config syncee: GPF 2026
2026-07-08 00:47:23 [VisionSync] INFO Immatriculations: 10719 upsert
2026-07-08 00:47:23 [VisionSync] INFO Blacklist: 32 entrees syncees
2026-07-08 00:47:23 [VisionSync] INFO Sync terminee: 10719 immat, 32 blacklist
2026-07-08 00:49:25 [VisionSync] INFO === Demarrage sync Vision incremental ===
2026-07-08 00:49:29 [VisionSync] INFO Config syncee: GPF 2026
2026-07-08 00:52:30 [VisionSync] INFO Immatriculations: 10719 upsert
2026-07-08 00:52:30 [VisionSync] INFO Blacklist: 32 entrees syncees
2026-07-08 00:52:30 [VisionSync] INFO Sync terminee: 10719 immat, 32 blacklist
2026-07-08 00:53:55 [VisionSync] INFO === Demarrage sync Vision incremental ===
2026-07-08 00:54:02 [VisionSync] INFO Config syncee: GPF 2026
2026-07-08 00:57:07 [VisionSync] INFO Immatriculations: 10719 upsert
2026-07-08 00:57:07 [VisionSync] INFO Blacklist: 32 entrees syncees
2026-07-08 00:57:07 [VisionSync] INFO Sync terminee: 10719 immat, 32 blacklist
2026-07-08 00:59:26 [VisionSync] INFO === Demarrage sync Vision incremental ===
2026-07-08 00:59:32 [VisionSync] INFO Config syncee: GPF 2026
2026-07-08 01:02:50 [VisionSync] INFO Immatriculations: 10719 upsert
2026-07-08 01:02:51 [VisionSync] INFO Blacklist: 32 entrees syncees
2026-07-08 01:02:51 [VisionSync] INFO Sync terminee: 10719 immat, 32 blacklist
2026-07-08 01:04:25 [VisionSync] INFO === Demarrage sync Vision incremental ===
2026-07-08 01:04:30 [VisionSync] INFO Config syncee: GPF 2026
2026-07-08 01:07:32 [VisionSync] INFO Immatriculations: 10719 upsert
2026-07-08 01:07:32 [VisionSync] INFO Blacklist: 32 entrees syncees
2026-07-08 01:07:32 [VisionSync] INFO Sync terminee: 10719 immat, 32 blacklist
2026-07-08 01:08:55 [VisionSync] INFO === Demarrage sync Vision incremental ===
2026-07-08 01:09:00 [VisionSync] INFO Config syncee: GPF 2026
2026-07-08 01:12:05 [VisionSync] INFO Immatriculations: 10719 upsert
2026-07-08 01:12:06 [VisionSync] INFO Blacklist: 32 entrees syncees
2026-07-08 01:12:06 [VisionSync] INFO Sync terminee: 10719 immat, 32 blacklist
2026-07-08 01:14:26 [VisionSync] INFO === Demarrage sync Vision incremental ===
2026-07-08 01:14:31 [VisionSync] INFO Config syncee: GPF 2026
2026-07-08 01:17:03 [VisionSync] INFO Immatriculations: 10719 upsert
2026-07-08 01:17:04 [VisionSync] INFO Blacklist: 32 entrees syncees
2026-07-08 01:17:04 [VisionSync] INFO Sync terminee: 10719 immat, 32 blacklist
2026-07-08 01:19:25 [VisionSync] INFO === Demarrage sync Vision incremental ===
2026-07-08 01:19:29 [VisionSync] INFO Config syncee: GPF 2026
2026-07-08 01:22:06 [VisionSync] INFO Immatriculations: 10719 upsert
2026-07-08 01:22:06 [VisionSync] INFO Blacklist: 32 entrees syncees
2026-07-08 01:22:06 [VisionSync] INFO Sync terminee: 10719 immat, 32 blacklist
2026-07-08 01:23:56 [VisionSync] INFO === Demarrage sync Vision incremental ===
2026-07-08 01:24:03 [VisionSync] INFO Config syncee: GPF 2026
2026-07-08 01:26:47 [VisionSync] INFO Immatriculations: 10719 upsert
2026-07-08 01:26:48 [VisionSync] INFO Blacklist: 32 entrees syncees
2026-07-08 01:26:48 [VisionSync] INFO Sync terminee: 10719 immat, 32 blacklist
2026-07-08 01:29:26 [VisionSync] INFO === Demarrage sync Vision incremental ===
2026-07-08 01:29:31 [VisionSync] INFO Config syncee: GPF 2026
2026-07-08 01:32:18 [VisionSync] INFO Immatriculations: 10719 upsert
2026-07-08 01:32:18 [VisionSync] INFO Blacklist: 32 entrees syncees
2026-07-08 01:32:18 [VisionSync] INFO Sync terminee: 10719 immat, 32 blacklist
2026-07-08 01:34:25 [VisionSync] INFO === Demarrage sync Vision incremental ===
2026-07-08 01:34:31 [VisionSync] INFO Config syncee: GPF 2026
2026-07-08 01:37:30 [VisionSync] INFO Immatriculations: 10719 upsert
2026-07-08 01:37:30 [VisionSync] INFO Blacklist: 32 entrees syncees
2026-07-08 01:37:30 [VisionSync] INFO Sync terminee: 10719 immat, 32 blacklist
2026-07-08 01:38:55 [VisionSync] INFO === Demarrage sync Vision incremental ===
2026-07-08 01:38:58 [VisionSync] INFO Config syncee: GPF 2026
2026-07-08 01:42:07 [VisionSync] INFO Immatriculations: 10719 upsert
2026-07-08 01:42:07 [VisionSync] INFO Blacklist: 32 entrees syncees
2026-07-08 01:42:07 [VisionSync] INFO Sync terminee: 10719 immat, 32 blacklist
2026-07-08 01:44:26 [VisionSync] INFO === Demarrage sync Vision incremental ===
2026-07-08 01:44:29 [VisionSync] INFO Config syncee: GPF 2026
2026-07-08 01:47:21 [VisionSync] INFO Immatriculations: 10719 upsert
2026-07-08 01:47:21 [VisionSync] INFO Blacklist: 32 entrees syncees
2026-07-08 01:47:21 [VisionSync] INFO Sync terminee: 10719 immat, 32 blacklist
2026-07-08 01:49:25 [VisionSync] INFO === Demarrage sync Vision incremental ===
2026-07-08 01:49:30 [VisionSync] INFO Config syncee: GPF 2026
2026-07-08 01:52:16 [VisionSync] INFO Immatriculations: 10719 upsert
2026-07-08 01:52:16 [VisionSync] INFO Blacklist: 32 entrees syncees
2026-07-08 01:52:16 [VisionSync] INFO Sync terminee: 10719 immat, 32 blacklist
2026-07-08 01:53:55 [VisionSync] INFO === Demarrage sync Vision incremental ===
2026-07-08 01:54:04 [VisionSync] INFO Config syncee: GPF 2026
2026-07-08 01:56:44 [VisionSync] INFO Immatriculations: 10719 upsert
2026-07-08 01:56:44 [VisionSync] INFO Blacklist: 32 entrees syncees
2026-07-08 01:56:44 [VisionSync] INFO Sync terminee: 10719 immat, 32 blacklist
2026-07-08 01:59:26 [VisionSync] INFO === Demarrage sync Vision incremental ===
2026-07-08 01:59:28 [VisionSync] INFO Config syncee: GPF 2026
2026-07-08 02:02:15 [VisionSync] INFO Immatriculations: 10719 upsert
2026-07-08 02:02:16 [VisionSync] INFO Blacklist: 32 entrees syncees
2026-07-08 02:02:16 [VisionSync] INFO Sync terminee: 10719 immat, 32 blacklist
2026-07-08 02:04:25 [VisionSync] INFO === Demarrage sync Vision incremental ===
2026-07-08 02:04:31 [VisionSync] INFO Config syncee: GPF 2026
2026-07-08 02:07:27 [VisionSync] INFO Immatriculations: 10719 upsert
2026-07-08 02:07:28 [VisionSync] INFO Blacklist: 32 entrees syncees
2026-07-08 02:07:28 [VisionSync] INFO Sync terminee: 10719 immat, 32 blacklist
2026-07-08 02:08:55 [VisionSync] INFO === Demarrage sync Vision incremental ===
2026-07-08 02:09:00 [VisionSync] INFO Config syncee: GPF 2026
2026-07-08 02:12:12 [VisionSync] INFO Immatriculations: 10719 upsert
2026-07-08 02:12:12 [VisionSync] INFO Blacklist: 32 entrees syncees
2026-07-08 02:12:12 [VisionSync] INFO Sync terminee: 10719 immat, 32 blacklist
2026-07-08 02:14:26 [VisionSync] INFO === Demarrage sync Vision incremental ===
2026-07-08 02:14:30 [VisionSync] INFO Config syncee: GPF 2026
2026-07-08 02:17:54 [VisionSync] INFO Immatriculations: 10719 upsert
2026-07-08 02:17:54 [VisionSync] INFO Blacklist: 32 entrees syncees
2026-07-08 02:17:54 [VisionSync] INFO Sync terminee: 10719 immat, 32 blacklist
2026-07-08 02:19:25 [VisionSync] INFO === Demarrage sync Vision incremental ===
2026-07-08 02:19:29 [VisionSync] INFO Config syncee: GPF 2026
2026-07-08 02:22:59 [VisionSync] INFO Immatriculations: 10719 upsert
2026-07-08 02:22:59 [VisionSync] INFO Blacklist: 32 entrees syncees
2026-07-08 02:22:59 [VisionSync] INFO Sync terminee: 10719 immat, 32 blacklist
2026-07-08 02:23:55 [VisionSync] INFO === Demarrage sync Vision incremental ===
2026-07-08 02:24:02 [VisionSync] INFO Config syncee: GPF 2026
2026-07-08 02:27:35 [VisionSync] INFO Immatriculations: 10719 upsert
2026-07-08 02:27:35 [VisionSync] INFO Blacklist: 32 entrees syncees
2026-07-08 02:27:35 [VisionSync] INFO Sync terminee: 10719 immat, 32 blacklist
2026-07-08 02:29:26 [VisionSync] INFO === Demarrage sync Vision incremental ===
2026-07-08 02:29:29 [VisionSync] INFO Config syncee: GPF 2026
2026-07-08 02:33:11 [VisionSync] INFO Immatriculations: 10719 upsert
2026-07-08 02:33:12 [VisionSync] INFO Blacklist: 32 entrees syncees
2026-07-08 02:33:12 [VisionSync] INFO Sync terminee: 10719 immat, 32 blacklist
2026-07-08 02:34:25 [VisionSync] INFO === Demarrage sync Vision incremental ===
2026-07-08 02:34:32 [VisionSync] INFO Config syncee: GPF 2026
2026-07-08 02:38:00 [VisionSync] INFO Immatriculations: 10719 upsert
2026-07-08 02:38:00 [VisionSync] INFO Blacklist: 32 entrees syncees
2026-07-08 02:38:00 [VisionSync] INFO Sync terminee: 10719 immat, 32 blacklist
2026-07-08 02:38:55 [VisionSync] INFO === Demarrage sync Vision incremental ===
2026-07-08 02:38:59 [VisionSync] INFO Config syncee: GPF 2026
2026-07-08 02:42:00 [VisionSync] INFO Immatriculations: 10719 upsert
2026-07-08 02:42:00 [VisionSync] INFO Blacklist: 32 entrees syncees
2026-07-08 02:42:00 [VisionSync] INFO Sync terminee: 10719 immat, 32 blacklist
2026-07-08 02:44:26 [VisionSync] INFO === Demarrage sync Vision incremental ===
2026-07-08 02:44:33 [VisionSync] INFO Config syncee: GPF 2026
2026-07-08 02:47:26 [VisionSync] INFO Immatriculations: 10719 upsert
2026-07-08 02:47:27 [VisionSync] INFO Blacklist: 32 entrees syncees
2026-07-08 02:47:27 [VisionSync] INFO Sync terminee: 10719 immat, 32 blacklist
2026-07-08 02:49:25 [VisionSync] INFO === Demarrage sync Vision incremental ===
2026-07-08 02:49:29 [VisionSync] INFO Config syncee: GPF 2026
2026-07-08 02:52:19 [VisionSync] INFO Immatriculations: 10719 upsert
2026-07-08 02:52:19 [VisionSync] INFO Blacklist: 32 entrees syncees
2026-07-08 02:52:19 [VisionSync] INFO Sync terminee: 10719 immat, 32 blacklist
2026-07-08 02:53:56 [VisionSync] INFO === Demarrage sync Vision incremental ===
2026-07-08 02:54:00 [VisionSync] INFO Config syncee: GPF 2026
2026-07-08 02:56:54 [VisionSync] INFO Immatriculations: 10719 upsert
2026-07-08 02:56:54 [VisionSync] INFO Blacklist: 32 entrees syncees
2026-07-08 02:56:54 [VisionSync] INFO Sync terminee: 10719 immat, 32 blacklist
2026-07-08 02:59:26 [VisionSync] INFO === Demarrage sync Vision incremental ===
2026-07-08 02:59:31 [VisionSync] INFO Config syncee: GPF 2026
2026-07-08 03:02:37 [VisionSync] INFO Immatriculations: 10719 upsert
2026-07-08 03:02:37 [VisionSync] INFO Blacklist: 32 entrees syncees
2026-07-08 03:02:37 [VisionSync] INFO Sync terminee: 10719 immat, 32 blacklist
2026-07-08 03:04:26 [VisionSync] INFO === Demarrage sync Vision incremental ===
2026-07-08 03:04:33 [VisionSync] INFO Config syncee: GPF 2026
2026-07-08 03:07:49 [VisionSync] INFO Immatriculations: 10719 upsert
2026-07-08 03:07:49 [VisionSync] INFO Blacklist: 32 entrees syncees
2026-07-08 03:07:49 [VisionSync] INFO Sync terminee: 10719 immat, 32 blacklist
2026-07-08 03:08:55 [VisionSync] INFO === Demarrage sync Vision incremental ===
2026-07-08 03:08:59 [VisionSync] INFO Config syncee: GPF 2026
2026-07-08 03:12:21 [VisionSync] INFO Immatriculations: 10719 upsert
2026-07-08 03:12:21 [VisionSync] INFO Blacklist: 32 entrees syncees
2026-07-08 03:12:21 [VisionSync] INFO Sync terminee: 10719 immat, 32 blacklist
2026-07-08 03:14:10 [VisionSync] INFO === Demarrage sync Vision incremental ===
2026-07-08 03:14:15 [VisionSync] INFO Config syncee: GPF 2026
2026-07-08 03:17:24 [VisionSync] INFO Immatriculations: 10719 upsert
2026-07-08 03:17:24 [VisionSync] INFO Blacklist: 32 entrees syncees
2026-07-08 03:17:24 [VisionSync] INFO Sync terminee: 10719 immat, 32 blacklist
2026-07-08 03:19:26 [VisionSync] INFO === Demarrage sync Vision incremental ===
2026-07-08 03:19:31 [VisionSync] INFO Config syncee: GPF 2026
2026-07-08 03:22:46 [VisionSync] INFO Immatriculations: 10719 upsert
2026-07-08 03:22:47 [VisionSync] INFO Blacklist: 32 entrees syncees
2026-07-08 03:22:47 [VisionSync] INFO Sync terminee: 10719 immat, 32 blacklist
2026-07-08 03:23:56 [VisionSync] INFO === Demarrage sync Vision incremental ===
2026-07-08 03:24:02 [VisionSync] INFO Config syncee: GPF 2026
2026-07-08 03:27:23 [VisionSync] INFO Immatriculations: 10719 upsert
2026-07-08 03:27:24 [VisionSync] INFO Blacklist: 32 entrees syncees
2026-07-08 03:27:24 [VisionSync] INFO Sync terminee: 10719 immat, 32 blacklist
2026-07-08 03:29:26 [VisionSync] INFO === Demarrage sync Vision incremental ===
2026-07-08 03:29:27 [VisionSync] INFO Config syncee: GPF 2026
2026-07-08 03:32:53 [VisionSync] INFO Immatriculations: 10719 upsert
2026-07-08 03:32:53 [VisionSync] INFO Blacklist: 32 entrees syncees
2026-07-08 03:32:53 [VisionSync] INFO Sync terminee: 10719 immat, 32 blacklist
2026-07-08 03:34:26 [VisionSync] INFO === Demarrage sync Vision incremental ===
2026-07-08 03:34:32 [VisionSync] INFO Config syncee: GPF 2026
2026-07-08 03:37:39 [VisionSync] INFO Immatriculations: 10719 upsert
2026-07-08 03:37:40 [VisionSync] INFO Blacklist: 32 entrees syncees
2026-07-08 03:37:40 [VisionSync] INFO Sync terminee: 10719 immat, 32 blacklist
2026-07-08 03:38:55 [VisionSync] INFO === Demarrage sync Vision incremental ===
2026-07-08 03:38:59 [VisionSync] INFO Config syncee: GPF 2026
2026-07-08 03:42:04 [VisionSync] INFO Immatriculations: 10719 upsert
2026-07-08 03:42:04 [VisionSync] INFO Blacklist: 32 entrees syncees
2026-07-08 03:42:04 [VisionSync] INFO Sync terminee: 10719 immat, 32 blacklist
2026-07-08 03:44:26 [VisionSync] INFO === Demarrage sync Vision incremental ===
2026-07-08 03:44:30 [VisionSync] INFO Config syncee: GPF 2026
2026-07-08 03:47:46 [VisionSync] INFO Immatriculations: 10719 upsert
2026-07-08 03:47:47 [VisionSync] INFO Blacklist: 32 entrees syncees
2026-07-08 03:47:47 [VisionSync] INFO Sync terminee: 10719 immat, 32 blacklist
2026-07-08 03:49:25 [VisionSync] INFO === Demarrage sync Vision incremental ===
2026-07-08 03:49:29 [VisionSync] INFO Config syncee: GPF 2026
2026-07-08 03:52:46 [VisionSync] INFO Immatriculations: 10719 upsert
2026-07-08 03:52:46 [VisionSync] INFO Blacklist: 32 entrees syncees
2026-07-08 03:52:46 [VisionSync] INFO Sync terminee: 10719 immat, 32 blacklist
2026-07-08 03:53:55 [VisionSync] INFO === Demarrage sync Vision incremental ===
2026-07-08 03:54:03 [VisionSync] INFO Config syncee: GPF 2026
2026-07-08 03:57:13 [VisionSync] INFO Immatriculations: 10719 upsert
2026-07-08 03:57:13 [VisionSync] INFO Blacklist: 32 entrees syncees
2026-07-08 03:57:13 [VisionSync] INFO Sync terminee: 10719 immat, 32 blacklist
2026-07-08 03:59:26 [VisionSync] INFO === Demarrage sync Vision incremental ===
2026-07-08 03:59:27 [VisionSync] INFO Config syncee: GPF 2026
2026-07-08 04:03:10 [VisionSync] INFO Immatriculations: 10719 upsert
2026-07-08 04:03:11 [VisionSync] INFO Blacklist: 32 entrees syncees
2026-07-08 04:03:11 [VisionSync] INFO Sync terminee: 10719 immat, 32 blacklist
2026-07-08 04:04:26 [VisionSync] INFO === Demarrage sync Vision incremental ===
2026-07-08 04:04:34 [VisionSync] INFO Config syncee: GPF 2026
2026-07-08 04:07:54 [VisionSync] INFO Immatriculations: 10719 upsert
2026-07-08 04:07:55 [VisionSync] INFO Blacklist: 32 entrees syncees
2026-07-08 04:07:55 [VisionSync] INFO Sync terminee: 10719 immat, 32 blacklist
2026-07-08 04:08:55 [VisionSync] INFO === Demarrage sync Vision incremental ===
2026-07-08 04:08:59 [VisionSync] INFO Config syncee: GPF 2026
2026-07-08 04:12:12 [VisionSync] INFO Immatriculations: 10719 upsert
2026-07-08 04:12:12 [VisionSync] INFO Blacklist: 32 entrees syncees
2026-07-08 04:12:12 [VisionSync] INFO Sync terminee: 10719 immat, 32 blacklist
2026-07-08 04:14:26 [VisionSync] INFO === Demarrage sync Vision incremental ===
2026-07-08 04:14:29 [VisionSync] INFO Config syncee: GPF 2026
2026-07-08 04:17:45 [VisionSync] INFO Immatriculations: 10719 upsert
2026-07-08 04:17:45 [VisionSync] INFO Blacklist: 32 entrees syncees
2026-07-08 04:17:45 [VisionSync] INFO Sync terminee: 10719 immat, 32 blacklist
2026-07-08 04:19:25 [VisionSync] INFO === Demarrage sync Vision incremental ===
2026-07-08 04:19:29 [VisionSync] INFO Config syncee: GPF 2026
2026-07-08 04:22:46 [VisionSync] INFO Immatriculations: 10719 upsert
2026-07-08 04:22:46 [VisionSync] INFO Blacklist: 32 entrees syncees
2026-07-08 04:22:46 [VisionSync] INFO Sync terminee: 10719 immat, 32 blacklist
2026-07-08 04:23:55 [VisionSync] INFO === Demarrage sync Vision incremental ===
2026-07-08 04:24:02 [VisionSync] INFO Config syncee: GPF 2026
2026-07-08 04:27:17 [VisionSync] INFO Immatriculations: 10719 upsert
2026-07-08 04:27:17 [VisionSync] INFO Blacklist: 32 entrees syncees
2026-07-08 04:27:17 [VisionSync] INFO Sync terminee: 10719 immat, 32 blacklist
2026-07-08 04:29:26 [VisionSync] INFO === Demarrage sync Vision incremental ===
2026-07-08 04:29:27 [VisionSync] INFO Config syncee: GPF 2026
2026-07-08 04:32:34 [VisionSync] INFO Immatriculations: 10719 upsert
2026-07-08 04:32:35 [VisionSync] INFO Blacklist: 32 entrees syncees
2026-07-08 04:32:35 [VisionSync] INFO Sync terminee: 10719 immat, 32 blacklist
2026-07-08 04:33:56 [VisionSync] INFO === Demarrage sync Vision incremental ===
2026-07-08 04:34:02 [VisionSync] INFO Config syncee: GPF 2026
2026-07-08 04:37:12 [VisionSync] INFO Immatriculations: 10719 upsert
2026-07-08 04:37:13 [VisionSync] INFO Blacklist: 32 entrees syncees
2026-07-08 04:37:13 [VisionSync] INFO Sync terminee: 10719 immat, 32 blacklist
2026-07-08 04:38:55 [VisionSync] INFO === Demarrage sync Vision incremental ===
2026-07-08 04:38:59 [VisionSync] INFO Config syncee: GPF 2026
2026-07-08 04:42:25 [VisionSync] INFO Immatriculations: 10719 upsert
2026-07-08 04:42:25 [VisionSync] INFO Blacklist: 32 entrees syncees
2026-07-08 04:42:25 [VisionSync] INFO Sync terminee: 10719 immat, 32 blacklist
2026-07-08 04:44:26 [VisionSync] INFO === Demarrage sync Vision incremental ===
2026-07-08 04:44:31 [VisionSync] INFO Config syncee: GPF 2026
2026-07-08 04:47:48 [VisionSync] INFO Immatriculations: 10719 upsert
2026-07-08 04:47:49 [VisionSync] INFO Blacklist: 32 entrees syncees
2026-07-08 04:47:49 [VisionSync] INFO Sync terminee: 10719 immat, 32 blacklist
2026-07-08 04:48:55 [VisionSync] INFO === Demarrage sync Vision incremental ===
2026-07-08 04:48:59 [VisionSync] INFO Config syncee: GPF 2026
2026-07-08 04:52:10 [VisionSync] INFO Immatriculations: 10719 upsert
2026-07-08 04:52:10 [VisionSync] INFO Blacklist: 32 entrees syncees
2026-07-08 04:52:10 [VisionSync] INFO Sync terminee: 10719 immat, 32 blacklist
2026-07-08 04:53:55 [VisionSync] INFO === Demarrage sync Vision incremental ===
2026-07-08 04:54:03 [VisionSync] INFO Config syncee: GPF 2026
2026-07-08 04:57:16 [VisionSync] INFO Immatriculations: 10719 upsert
2026-07-08 04:57:16 [VisionSync] INFO Blacklist: 32 entrees syncees
2026-07-08 04:57:16 [VisionSync] INFO Sync terminee: 10719 immat, 32 blacklist
2026-07-08 04:59:26 [VisionSync] INFO === Demarrage sync Vision incremental ===
2026-07-08 04:59:27 [VisionSync] INFO Config syncee: GPF 2026
2026-07-08 05:02:27 [VisionSync] INFO Immatriculations: 10719 upsert
2026-07-08 05:02:27 [VisionSync] INFO Blacklist: 32 entrees syncees
2026-07-08 05:02:27 [VisionSync] INFO Sync terminee: 10719 immat, 32 blacklist
2026-07-08 05:04:26 [VisionSync] INFO === Demarrage sync Vision incremental ===
2026-07-08 05:04:31 [VisionSync] INFO Config syncee: GPF 2026
2026-07-08 05:07:26 [VisionSync] INFO Immatriculations: 10719 upsert
2026-07-08 05:07:26 [VisionSync] INFO Blacklist: 32 entrees syncees
2026-07-08 05:07:26 [VisionSync] INFO Sync terminee: 10719 immat, 32 blacklist
2026-07-08 05:08:55 [VisionSync] INFO === Demarrage sync Vision incremental ===
2026-07-08 05:08:59 [VisionSync] INFO Config syncee: GPF 2026
2026-07-08 05:12:06 [VisionSync] INFO Immatriculations: 10719 upsert
2026-07-08 05:12:06 [VisionSync] INFO Blacklist: 32 entrees syncees
2026-07-08 05:12:06 [VisionSync] INFO Sync terminee: 10719 immat, 32 blacklist
2026-07-08 05:14:10 [VisionSync] INFO === Demarrage sync Vision incremental ===
2026-07-08 05:14:16 [VisionSync] INFO Config syncee: GPF 2026
2026-07-08 05:17:33 [VisionSync] INFO Immatriculations: 10719 upsert
2026-07-08 05:17:33 [VisionSync] INFO Blacklist: 32 entrees syncees
2026-07-08 05:17:33 [VisionSync] INFO Sync terminee: 10719 immat, 32 blacklist
2026-07-08 05:19:25 [VisionSync] INFO === Demarrage sync Vision incremental ===
2026-07-08 05:19:29 [VisionSync] INFO Config syncee: GPF 2026
2026-07-08 05:22:43 [VisionSync] INFO Immatriculations: 10719 upsert
2026-07-08 05:22:43 [VisionSync] INFO Blacklist: 32 entrees syncees
2026-07-08 05:22:43 [VisionSync] INFO Sync terminee: 10719 immat, 32 blacklist
2026-07-08 05:23:56 [VisionSync] INFO === Demarrage sync Vision incremental ===
2026-07-08 05:24:00 [VisionSync] INFO Config syncee: GPF 2026
2026-07-08 05:27:02 [VisionSync] INFO Immatriculations: 10719 upsert
2026-07-08 05:27:02 [VisionSync] INFO Blacklist: 32 entrees syncees
2026-07-08 05:27:02 [VisionSync] INFO Sync terminee: 10719 immat, 32 blacklist
2026-07-08 05:29:26 [VisionSync] INFO === Demarrage sync Vision incremental ===
2026-07-08 05:29:28 [VisionSync] INFO Config syncee: GPF 2026
2026-07-08 05:32:42 [VisionSync] INFO Immatriculations: 10719 upsert
2026-07-08 05:32:42 [VisionSync] INFO Blacklist: 32 entrees syncees
2026-07-08 05:32:42 [VisionSync] INFO Sync terminee: 10719 immat, 32 blacklist
2026-07-08 05:34:25 [VisionSync] INFO === Demarrage sync Vision incremental ===
2026-07-08 05:34:32 [VisionSync] INFO Config syncee: GPF 2026
2026-07-08 05:37:50 [VisionSync] INFO Immatriculations: 10719 upsert
2026-07-08 05:37:50 [VisionSync] INFO Blacklist: 32 entrees syncees
2026-07-08 05:37:50 [VisionSync] INFO Sync terminee: 10719 immat, 32 blacklist
2026-07-08 05:38:55 [VisionSync] INFO === Demarrage sync Vision incremental ===
2026-07-08 05:38:58 [VisionSync] INFO Config syncee: GPF 2026
2026-07-08 05:42:00 [VisionSync] INFO Immatriculations: 10719 upsert
2026-07-08 05:42:00 [VisionSync] INFO Blacklist: 32 entrees syncees
2026-07-08 05:42:00 [VisionSync] INFO Sync terminee: 10719 immat, 32 blacklist
2026-07-08 05:44:10 [VisionSync] INFO === Demarrage sync Vision incremental ===
2026-07-08 05:44:13 [VisionSync] INFO Config syncee: GPF 2026
2026-07-08 05:47:16 [VisionSync] INFO Immatriculations: 10719 upsert
2026-07-08 05:47:16 [VisionSync] INFO Blacklist: 32 entrees syncees
2026-07-08 05:47:16 [VisionSync] INFO Sync terminee: 10719 immat, 32 blacklist
2026-07-08 05:49:40 [VisionSync] INFO === Demarrage sync Vision incremental ===
2026-07-08 05:49:44 [VisionSync] INFO Config syncee: GPF 2026
2026-07-08 05:52:45 [VisionSync] INFO Immatriculations: 10719 upsert
2026-07-08 05:52:45 [VisionSync] INFO Blacklist: 32 entrees syncees
2026-07-08 05:52:45 [VisionSync] INFO Sync terminee: 10719 immat, 32 blacklist
2026-07-08 05:53:55 [VisionSync] INFO === Demarrage sync Vision incremental ===
2026-07-08 05:54:03 [VisionSync] INFO Config syncee: GPF 2026
2026-07-08 05:57:12 [VisionSync] INFO Immatriculations: 10719 upsert
2026-07-08 05:57:13 [VisionSync] INFO Blacklist: 32 entrees syncees
2026-07-08 05:57:13 [VisionSync] INFO Sync terminee: 10719 immat, 32 blacklist
2026-07-08 05:59:26 [VisionSync] INFO === Demarrage sync Vision incremental ===
2026-07-08 05:59:27 [VisionSync] INFO Config syncee: GPF 2026
2026-07-08 06:02:37 [VisionSync] INFO Immatriculations: 10719 upsert
2026-07-08 06:02:37 [VisionSync] INFO Blacklist: 32 entrees syncees
2026-07-08 06:02:37 [VisionSync] INFO Sync terminee: 10719 immat, 32 blacklist
2026-07-08 06:03:55 [VisionSync] INFO === Demarrage sync Vision incremental ===
2026-07-08 06:04:03 [VisionSync] INFO Config syncee: GPF 2026
2026-07-08 06:07:15 [VisionSync] INFO Immatriculations: 10719 upsert
2026-07-08 06:07:15 [VisionSync] INFO Blacklist: 32 entrees syncees
2026-07-08 06:07:15 [VisionSync] INFO Sync terminee: 10719 immat, 32 blacklist
2026-07-08 06:08:57 [VisionSync] INFO === Demarrage sync Vision incremental ===
2026-07-08 06:09:00 [VisionSync] INFO Config syncee: GPF 2026
2026-07-08 06:12:26 [VisionSync] INFO Immatriculations: 10719 upsert
2026-07-08 06:12:26 [VisionSync] INFO Blacklist: 32 entrees syncees
2026-07-08 06:12:26 [VisionSync] INFO Sync terminee: 10719 immat, 32 blacklist
2026-07-08 06:14:26 [VisionSync] INFO === Demarrage sync Vision incremental ===
2026-07-08 06:14:27 [VisionSync] INFO Config syncee: GPF 2026
2026-07-08 06:17:34 [VisionSync] INFO Immatriculations: 10719 upsert
2026-07-08 06:17:34 [VisionSync] INFO Blacklist: 32 entrees syncees
2026-07-08 06:17:34 [VisionSync] INFO Sync terminee: 10719 immat, 32 blacklist
2026-07-08 06:19:25 [VisionSync] INFO === Demarrage sync Vision incremental ===
2026-07-08 06:19:30 [VisionSync] INFO Config syncee: GPF 2026
2026-07-08 06:22:23 [VisionSync] INFO Immatriculations: 10719 upsert
2026-07-08 06:22:23 [VisionSync] INFO Blacklist: 32 entrees syncees
2026-07-08 06:22:23 [VisionSync] INFO Sync terminee: 10719 immat, 32 blacklist
2026-07-08 06:23:55 [VisionSync] INFO === Demarrage sync Vision incremental ===
2026-07-08 06:24:03 [VisionSync] INFO Config syncee: GPF 2026
2026-07-08 06:27:01 [VisionSync] INFO Immatriculations: 10719 upsert
2026-07-08 06:27:02 [VisionSync] INFO Blacklist: 32 entrees syncees
2026-07-08 06:27:02 [VisionSync] INFO Sync terminee: 10719 immat, 32 blacklist
2026-07-08 06:29:26 [VisionSync] INFO === Demarrage sync Vision incremental ===
2026-07-08 06:29:28 [VisionSync] INFO Config syncee: GPF 2026
2026-07-08 06:32:32 [VisionSync] INFO Immatriculations: 10719 upsert
2026-07-08 06:32:33 [VisionSync] INFO Blacklist: 32 entrees syncees
2026-07-08 06:32:33 [VisionSync] INFO Sync terminee: 10719 immat, 32 blacklist
2026-07-08 06:34:26 [VisionSync] INFO === Demarrage sync Vision incremental ===
2026-07-08 06:34:32 [VisionSync] INFO Config syncee: GPF 2026
2026-07-08 06:37:30 [VisionSync] INFO Immatriculations: 10719 upsert
2026-07-08 06:37:31 [VisionSync] INFO Blacklist: 32 entrees syncees
2026-07-08 06:37:31 [VisionSync] INFO Sync terminee: 10719 immat, 32 blacklist
2026-07-08 06:38:55 [VisionSync] INFO === Demarrage sync Vision incremental ===
2026-07-08 06:39:00 [VisionSync] INFO Config syncee: GPF 2026
2026-07-08 06:42:06 [VisionSync] INFO Immatriculations: 10719 upsert
2026-07-08 06:42:06 [VisionSync] INFO Blacklist: 32 entrees syncees
2026-07-08 06:42:06 [VisionSync] INFO Sync terminee: 10719 immat, 32 blacklist
2026-07-08 06:44:10 [VisionSync] INFO === Demarrage sync Vision incremental ===
2026-07-08 06:44:15 [VisionSync] INFO Config syncee: GPF 2026
2026-07-08 06:47:33 [VisionSync] INFO Immatriculations: 10719 upsert
2026-07-08 06:47:33 [VisionSync] INFO Blacklist: 32 entrees syncees
2026-07-08 06:47:33 [VisionSync] INFO Sync terminee: 10719 immat, 32 blacklist
2026-07-08 06:49:25 [VisionSync] INFO === Demarrage sync Vision incremental ===
2026-07-08 06:49:28 [VisionSync] INFO Config syncee: GPF 2026
2026-07-08 06:52:13 [VisionSync] INFO Immatriculations: 10719 upsert
2026-07-08 06:52:13 [VisionSync] INFO Blacklist: 32 entrees syncees
2026-07-08 06:52:13 [VisionSync] INFO Sync terminee: 10719 immat, 32 blacklist
2026-07-08 06:53:55 [VisionSync] INFO === Demarrage sync Vision incremental ===
2026-07-08 06:54:02 [VisionSync] INFO Config syncee: GPF 2026
2026-07-08 06:56:53 [VisionSync] INFO Immatriculations: 10719 upsert
2026-07-08 06:56:53 [VisionSync] INFO Blacklist: 32 entrees syncees
2026-07-08 06:56:53 [VisionSync] INFO Sync terminee: 10719 immat, 32 blacklist
2026-07-08 06:59:26 [VisionSync] INFO === Demarrage sync Vision incremental ===
2026-07-08 06:59:30 [VisionSync] INFO Config syncee: GPF 2026
2026-07-08 07:02:36 [VisionSync] INFO Immatriculations: 10719 upsert
2026-07-08 07:02:36 [VisionSync] INFO Blacklist: 32 entrees syncees
2026-07-08 07:02:36 [VisionSync] INFO Sync terminee: 10719 immat, 32 blacklist
2026-07-08 07:04:26 [VisionSync] INFO === Demarrage sync Vision incremental ===
2026-07-08 07:04:32 [VisionSync] INFO Config syncee: GPF 2026
2026-07-08 07:07:35 [VisionSync] INFO Immatriculations: 10719 upsert
2026-07-08 07:07:36 [VisionSync] INFO Blacklist: 32 entrees syncees
2026-07-08 07:07:36 [VisionSync] INFO Sync terminee: 10719 immat, 32 blacklist
2026-07-08 07:08:55 [VisionSync] INFO === Demarrage sync Vision incremental ===
2026-07-08 07:08:59 [VisionSync] INFO Config syncee: GPF 2026
2026-07-08 07:12:00 [VisionSync] INFO Immatriculations: 10719 upsert
2026-07-08 07:12:00 [VisionSync] INFO Blacklist: 32 entrees syncees
2026-07-08 07:12:00 [VisionSync] INFO Sync terminee: 10719 immat, 32 blacklist
2026-07-08 07:14:26 [VisionSync] INFO === Demarrage sync Vision incremental ===
2026-07-08 07:14:33 [VisionSync] INFO Config syncee: GPF 2026
2026-07-08 07:17:41 [VisionSync] INFO Immatriculations: 10719 upsert
2026-07-08 07:17:42 [VisionSync] INFO Blacklist: 32 entrees syncees
2026-07-08 07:17:42 [VisionSync] INFO Sync terminee: 10719 immat, 32 blacklist
2026-07-08 07:19:25 [VisionSync] INFO === Demarrage sync Vision incremental ===
2026-07-08 07:19:30 [VisionSync] INFO Config syncee: GPF 2026
2026-07-08 07:22:42 [VisionSync] INFO Immatriculations: 10719 upsert
2026-07-08 07:22:42 [VisionSync] INFO Blacklist: 32 entrees syncees
2026-07-08 07:22:42 [VisionSync] INFO Sync terminee: 10719 immat, 32 blacklist
2026-07-08 07:23:55 [VisionSync] INFO === Demarrage sync Vision incremental ===
2026-07-08 07:24:01 [VisionSync] INFO Config syncee: GPF 2026
2026-07-08 07:27:18 [VisionSync] INFO Immatriculations: 10719 upsert
2026-07-08 07:27:18 [VisionSync] INFO Blacklist: 32 entrees syncees
2026-07-08 07:27:18 [VisionSync] INFO Sync terminee: 10719 immat, 32 blacklist
2026-07-08 07:29:26 [VisionSync] INFO === Demarrage sync Vision incremental ===
2026-07-08 07:29:27 [VisionSync] INFO Config syncee: GPF 2026
2026-07-08 07:32:52 [VisionSync] INFO Immatriculations: 10719 upsert
2026-07-08 07:32:52 [VisionSync] INFO Blacklist: 32 entrees syncees
2026-07-08 07:32:52 [VisionSync] INFO Sync terminee: 10719 immat, 32 blacklist
2026-07-08 07:34:25 [VisionSync] INFO === Demarrage sync Vision incremental ===
2026-07-08 07:34:32 [VisionSync] INFO Config syncee: GPF 2026
2026-07-08 07:37:29 [VisionSync] INFO Immatriculations: 10719 upsert
2026-07-08 07:37:29 [VisionSync] INFO Blacklist: 32 entrees syncees
2026-07-08 07:37:29 [VisionSync] INFO Sync terminee: 10719 immat, 32 blacklist
2026-07-08 07:38:55 [VisionSync] INFO === Demarrage sync Vision incremental ===
2026-07-08 07:38:59 [VisionSync] INFO Config syncee: GPF 2026
2026-07-08 07:42:02 [VisionSync] INFO Immatriculations: 10719 upsert
2026-07-08 07:42:02 [VisionSync] INFO Blacklist: 32 entrees syncees
2026-07-08 07:42:02 [VisionSync] INFO Sync terminee: 10719 immat, 32 blacklist
2026-07-08 07:44:10 [VisionSync] INFO === Demarrage sync Vision incremental ===
2026-07-08 07:44:13 [VisionSync] INFO Config syncee: GPF 2026
2026-07-08 07:47:22 [VisionSync] INFO Immatriculations: 10719 upsert
2026-07-08 07:47:23 [VisionSync] INFO Blacklist: 32 entrees syncees
2026-07-08 07:47:23 [VisionSync] INFO Sync terminee: 10719 immat, 32 blacklist
2026-07-08 07:49:25 [VisionSync] INFO === Demarrage sync Vision incremental ===
2026-07-08 07:49:28 [VisionSync] INFO Config syncee: GPF 2026
2026-07-08 07:52:42 [VisionSync] INFO Immatriculations: 10719 upsert
2026-07-08 07:52:42 [VisionSync] INFO Blacklist: 32 entrees syncees
2026-07-08 07:52:42 [VisionSync] INFO Sync terminee: 10719 immat, 32 blacklist
2026-07-08 07:53:55 [VisionSync] INFO === Demarrage sync Vision incremental ===
2026-07-08 07:54:01 [VisionSync] INFO Config syncee: GPF 2026
2026-07-08 07:57:16 [VisionSync] INFO Immatriculations: 10719 upsert
2026-07-08 07:57:16 [VisionSync] INFO Blacklist: 32 entrees syncees
2026-07-08 07:57:16 [VisionSync] INFO Sync terminee: 10719 immat, 32 blacklist
2026-07-08 07:59:26 [VisionSync] INFO === Demarrage sync Vision incremental ===
2026-07-08 07:59:28 [VisionSync] INFO Config syncee: GPF 2026
2026-07-08 08:02:44 [VisionSync] INFO Immatriculations: 10719 upsert
2026-07-08 08:02:45 [VisionSync] INFO Blacklist: 32 entrees syncees
2026-07-08 08:02:45 [VisionSync] INFO Sync terminee: 10719 immat, 32 blacklist
2026-07-08 08:04:25 [VisionSync] INFO === Demarrage sync Vision incremental ===
2026-07-08 08:04:32 [VisionSync] INFO Config syncee: GPF 2026
2026-07-08 08:07:43 [VisionSync] INFO Immatriculations: 10719 upsert
2026-07-08 08:07:43 [VisionSync] INFO Blacklist: 32 entrees syncees
2026-07-08 08:07:43 [VisionSync] INFO Sync terminee: 10719 immat, 32 blacklist
2026-07-08 08:08:55 [VisionSync] INFO === Demarrage sync Vision incremental ===
2026-07-08 08:09:00 [VisionSync] INFO Config syncee: GPF 2026
2026-07-08 08:12:02 [VisionSync] INFO Immatriculations: 10719 upsert
2026-07-08 08:12:02 [VisionSync] INFO Blacklist: 32 entrees syncees
2026-07-08 08:12:02 [VisionSync] INFO Sync terminee: 10719 immat, 32 blacklist
2026-07-08 08:14:11 [VisionSync] INFO === Demarrage sync Vision incremental ===
2026-07-08 08:14:14 [VisionSync] INFO Config syncee: GPF 2026
2026-07-08 08:17:16 [VisionSync] INFO Immatriculations: 10719 upsert
2026-07-08 08:17:16 [VisionSync] INFO Blacklist: 32 entrees syncees
2026-07-08 08:17:16 [VisionSync] INFO Sync terminee: 10719 immat, 32 blacklist
2026-07-08 08:19:10 [VisionSync] INFO === Demarrage sync Vision incremental ===
2026-07-08 08:19:13 [VisionSync] INFO Config syncee: GPF 2026
2026-07-08 08:22:18 [VisionSync] INFO Immatriculations: 10719 upsert
2026-07-08 08:22:18 [VisionSync] INFO Blacklist: 32 entrees syncees
2026-07-08 08:22:18 [VisionSync] INFO Sync terminee: 10719 immat, 32 blacklist
2026-07-08 08:23:56 [VisionSync] INFO === Demarrage sync Vision incremental ===
2026-07-08 08:24:01 [VisionSync] INFO Config syncee: GPF 2026
2026-07-08 08:27:11 [VisionSync] INFO Immatriculations: 10719 upsert
2026-07-08 08:27:11 [VisionSync] INFO Blacklist: 32 entrees syncees
2026-07-08 08:27:11 [VisionSync] INFO Sync terminee: 10719 immat, 32 blacklist
2026-07-08 08:29:26 [VisionSync] INFO === Demarrage sync Vision incremental ===
2026-07-08 08:29:28 [VisionSync] INFO Config syncee: GPF 2026
2026-07-08 08:32:44 [VisionSync] INFO Immatriculations: 10719 upsert
2026-07-08 08:32:45 [VisionSync] INFO Blacklist: 32 entrees syncees
2026-07-08 08:32:45 [VisionSync] INFO Sync terminee: 10719 immat, 32 blacklist
2026-07-08 08:34:26 [VisionSync] INFO === Demarrage sync Vision incremental ===
2026-07-08 08:34:31 [VisionSync] INFO Config syncee: GPF 2026
2026-07-08 08:37:57 [VisionSync] INFO Immatriculations: 10719 upsert
2026-07-08 08:37:57 [VisionSync] INFO Blacklist: 32 entrees syncees
2026-07-08 08:37:57 [VisionSync] INFO Sync terminee: 10719 immat, 32 blacklist
2026-07-08 08:38:55 [VisionSync] INFO === Demarrage sync Vision incremental ===
2026-07-08 08:38:59 [VisionSync] INFO Config syncee: GPF 2026
2026-07-08 08:42:31 [VisionSync] INFO Immatriculations: 10719 upsert
2026-07-08 08:42:31 [VisionSync] INFO Blacklist: 32 entrees syncees
2026-07-08 08:42:31 [VisionSync] INFO Sync terminee: 10719 immat, 32 blacklist
2026-07-08 08:44:26 [VisionSync] INFO === Demarrage sync Vision incremental ===
2026-07-08 08:44:28 [VisionSync] INFO Config syncee: GPF 2026
2026-07-08 08:48:09 [VisionSync] INFO Immatriculations: 10719 upsert
2026-07-08 08:48:09 [VisionSync] INFO Blacklist: 32 entrees syncees
2026-07-08 08:48:09 [VisionSync] INFO Sync terminee: 10719 immat, 32 blacklist
2026-07-08 08:49:25 [VisionSync] INFO === Demarrage sync Vision incremental ===
2026-07-08 08:49:29 [VisionSync] INFO Config syncee: GPF 2026
2026-07-08 08:52:53 [VisionSync] INFO Immatriculations: 10719 upsert
2026-07-08 08:52:54 [VisionSync] INFO Blacklist: 32 entrees syncees
2026-07-08 08:52:54 [VisionSync] INFO Sync terminee: 10719 immat, 32 blacklist
2026-07-08 08:53:56 [VisionSync] INFO === Demarrage sync Vision incremental ===
2026-07-08 08:54:02 [VisionSync] INFO Config syncee: GPF 2026
2026-07-08 08:57:25 [VisionSync] INFO Immatriculations: 10719 upsert
2026-07-08 08:57:25 [VisionSync] INFO Blacklist: 32 entrees syncees
2026-07-08 08:57:25 [VisionSync] INFO Sync terminee: 10719 immat, 32 blacklist
2026-07-08 08:59:26 [VisionSync] INFO === Demarrage sync Vision incremental ===
2026-07-08 08:59:28 [VisionSync] INFO Config syncee: GPF 2026
2026-07-08 09:02:07 [VisionSync] INFO Immatriculations: 10719 upsert
2026-07-08 09:02:08 [VisionSync] INFO Blacklist: 32 entrees syncees
2026-07-08 09:02:08 [VisionSync] INFO Sync terminee: 10719 immat, 32 blacklist
2026-07-08 09:04:26 [VisionSync] INFO === Demarrage sync Vision incremental ===
2026-07-08 09:04:31 [VisionSync] INFO Config syncee: GPF 2026
2026-07-08 09:07:25 [VisionSync] INFO Immatriculations: 10719 upsert
2026-07-08 09:07:25 [VisionSync] INFO Blacklist: 32 entrees syncees
2026-07-08 09:07:25 [VisionSync] INFO Sync terminee: 10719 immat, 32 blacklist
2026-07-08 09:08:55 [VisionSync] INFO === Demarrage sync Vision incremental ===
2026-07-08 09:08:59 [VisionSync] INFO Config syncee: GPF 2026
2026-07-08 09:12:10 [VisionSync] INFO Immatriculations: 10719 upsert
2026-07-08 09:12:10 [VisionSync] INFO Blacklist: 32 entrees syncees
2026-07-08 09:12:10 [VisionSync] INFO Sync terminee: 10719 immat, 32 blacklist
2026-07-08 09:14:26 [VisionSync] INFO === Demarrage sync Vision incremental ===
2026-07-08 09:14:29 [VisionSync] INFO Config syncee: GPF 2026
2026-07-08 09:17:48 [VisionSync] INFO Immatriculations: 10719 upsert
2026-07-08 09:17:48 [VisionSync] INFO Blacklist: 32 entrees syncees
2026-07-08 09:17:48 [VisionSync] INFO Sync terminee: 10719 immat, 32 blacklist
2026-07-08 09:19:26 [VisionSync] INFO === Demarrage sync Vision incremental ===
2026-07-08 09:19:30 [VisionSync] INFO Config syncee: GPF 2026
2026-07-08 09:22:54 [VisionSync] INFO Immatriculations: 10719 upsert
2026-07-08 09:22:55 [VisionSync] INFO Blacklist: 32 entrees syncees
2026-07-08 09:22:55 [VisionSync] INFO Sync terminee: 10719 immat, 32 blacklist
2026-07-08 09:23:55 [VisionSync] INFO === Demarrage sync Vision incremental ===
2026-07-08 09:24:01 [VisionSync] INFO Config syncee: GPF 2026
2026-07-08 09:27:18 [VisionSync] INFO Immatriculations: 10719 upsert
2026-07-08 09:27:18 [VisionSync] INFO Blacklist: 32 entrees syncees
2026-07-08 09:27:18 [VisionSync] INFO Sync terminee: 10719 immat, 32 blacklist
2026-07-08 09:29:26 [VisionSync] INFO === Demarrage sync Vision incremental ===
2026-07-08 09:29:30 [VisionSync] INFO Config syncee: GPF 2026
2026-07-08 09:32:40 [VisionSync] INFO Immatriculations: 10719 upsert
2026-07-08 09:32:41 [VisionSync] INFO Blacklist: 32 entrees syncees
2026-07-08 09:32:41 [VisionSync] INFO Sync terminee: 10719 immat, 32 blacklist
2026-07-08 09:34:25 [VisionSync] INFO === Demarrage sync Vision incremental ===
2026-07-08 09:34:31 [VisionSync] INFO Config syncee: GPF 2026
2026-07-08 09:37:47 [VisionSync] INFO Immatriculations: 10719 upsert
2026-07-08 09:37:47 [VisionSync] INFO Blacklist: 32 entrees syncees
2026-07-08 09:37:47 [VisionSync] INFO Sync terminee: 10719 immat, 32 blacklist
2026-07-08 09:38:55 [VisionSync] INFO === Demarrage sync Vision incremental ===
2026-07-08 09:38:58 [VisionSync] INFO Config syncee: GPF 2026
2026-07-08 09:42:24 [VisionSync] INFO Immatriculations: 10719 upsert
2026-07-08 09:42:24 [VisionSync] INFO Blacklist: 32 entrees syncees
2026-07-08 09:42:24 [VisionSync] INFO Sync terminee: 10719 immat, 32 blacklist
2026-07-08 09:44:26 [VisionSync] INFO === Demarrage sync Vision incremental ===
2026-07-08 09:44:28 [VisionSync] INFO Config syncee: GPF 2026
2026-07-08 09:47:34 [VisionSync] INFO Immatriculations: 10719 upsert
2026-07-08 09:47:35 [VisionSync] INFO Blacklist: 32 entrees syncees
2026-07-08 09:47:35 [VisionSync] INFO Sync terminee: 10719 immat, 32 blacklist
2026-07-08 09:49:26 [VisionSync] INFO === Demarrage sync Vision incremental ===
2026-07-08 09:49:30 [VisionSync] INFO Config syncee: GPF 2026
2026-07-08 09:52:19 [VisionSync] INFO Immatriculations: 10719 upsert
2026-07-08 09:52:19 [VisionSync] INFO Blacklist: 32 entrees syncees
2026-07-08 09:52:19 [VisionSync] INFO Sync terminee: 10719 immat, 32 blacklist
2026-07-08 09:53:55 [VisionSync] INFO === Demarrage sync Vision incremental ===
2026-07-08 09:54:02 [VisionSync] INFO Config syncee: GPF 2026
2026-07-08 09:56:58 [VisionSync] INFO Immatriculations: 10719 upsert
2026-07-08 09:56:59 [VisionSync] INFO Blacklist: 32 entrees syncees
2026-07-08 09:56:59 [VisionSync] INFO Sync terminee: 10719 immat, 32 blacklist
2026-07-08 09:59:26 [VisionSync] INFO === Demarrage sync Vision incremental ===
2026-07-08 09:59:27 [VisionSync] INFO Config syncee: GPF 2026
2026-07-08 10:02:35 [VisionSync] INFO Immatriculations: 10719 upsert
2026-07-08 10:02:36 [VisionSync] INFO Blacklist: 32 entrees syncees
2026-07-08 10:02:36 [VisionSync] INFO Sync terminee: 10719 immat, 32 blacklist
2026-07-08 10:04:26 [VisionSync] INFO === Demarrage sync Vision incremental ===
2026-07-08 10:04:33 [VisionSync] INFO Config syncee: GPF 2026
2026-07-08 10:07:51 [VisionSync] INFO Immatriculations: 10719 upsert
2026-07-08 10:07:51 [VisionSync] INFO Blacklist: 32 entrees syncees
2026-07-08 10:07:51 [VisionSync] INFO Sync terminee: 10719 immat, 32 blacklist
2026-07-08 10:08:55 [VisionSync] INFO === Demarrage sync Vision incremental ===
2026-07-08 10:08:59 [VisionSync] INFO Config syncee: GPF 2026
2026-07-08 10:12:29 [VisionSync] INFO Immatriculations: 10719 upsert
2026-07-08 10:12:29 [VisionSync] INFO Blacklist: 32 entrees syncees
2026-07-08 10:12:29 [VisionSync] INFO Sync terminee: 10719 immat, 32 blacklist
2026-07-08 10:14:26 [VisionSync] INFO === Demarrage sync Vision incremental ===
2026-07-08 10:14:31 [VisionSync] INFO Config syncee: GPF 2026
2026-07-08 10:18:14 [VisionSync] INFO Immatriculations: 10719 upsert
2026-07-08 10:18:14 [VisionSync] INFO Blacklist: 32 entrees syncees
2026-07-08 10:18:14 [VisionSync] INFO Sync terminee: 10719 immat, 32 blacklist
2026-07-08 10:19:25 [VisionSync] INFO === Demarrage sync Vision incremental ===
2026-07-08 10:19:28 [VisionSync] INFO Config syncee: GPF 2026
2026-07-08 10:23:12 [VisionSync] INFO Immatriculations: 10719 upsert
2026-07-08 10:23:12 [VisionSync] INFO Blacklist: 32 entrees syncees
2026-07-08 10:23:12 [VisionSync] INFO Sync terminee: 10719 immat, 32 blacklist
2026-07-08 10:23:55 [VisionSync] INFO === Demarrage sync Vision incremental ===
2026-07-08 10:24:02 [VisionSync] INFO Config syncee: GPF 2026
2026-07-08 10:27:43 [VisionSync] INFO Immatriculations: 10719 upsert
2026-07-08 10:27:43 [VisionSync] INFO Blacklist: 32 entrees syncees
2026-07-08 10:27:43 [VisionSync] INFO Sync terminee: 10719 immat, 32 blacklist
2026-07-08 10:29:26 [VisionSync] INFO === Demarrage sync Vision incremental ===
2026-07-08 10:29:27 [VisionSync] INFO Config syncee: GPF 2026
2026-07-08 10:32:52 [VisionSync] INFO Immatriculations: 10719 upsert
2026-07-08 10:32:52 [VisionSync] INFO Blacklist: 32 entrees syncees
2026-07-08 10:32:52 [VisionSync] INFO Sync terminee: 10719 immat, 32 blacklist
2026-07-08 10:33:56 [VisionSync] INFO === Demarrage sync Vision incremental ===
2026-07-08 10:34:02 [VisionSync] INFO Config syncee: GPF 2026
2026-07-08 10:37:18 [VisionSync] INFO Immatriculations: 10719 upsert
2026-07-08 10:37:19 [VisionSync] INFO Blacklist: 32 entrees syncees
2026-07-08 10:37:19 [VisionSync] INFO Sync terminee: 10719 immat, 32 blacklist
2026-07-08 10:38:55 [VisionSync] INFO === Demarrage sync Vision incremental ===
2026-07-08 10:38:59 [VisionSync] INFO Config syncee: GPF 2026
2026-07-08 10:42:00 [VisionSync] INFO Immatriculations: 10719 upsert
2026-07-08 10:42:01 [VisionSync] INFO Blacklist: 32 entrees syncees
2026-07-08 10:42:01 [VisionSync] INFO Sync terminee: 10719 immat, 32 blacklist
2026-07-08 10:44:26 [VisionSync] INFO === Demarrage sync Vision incremental ===
2026-07-08 10:44:28 [VisionSync] INFO Config syncee: GPF 2026
2026-07-08 10:47:34 [VisionSync] INFO Immatriculations: 10719 upsert
2026-07-08 10:47:34 [VisionSync] INFO Blacklist: 32 entrees syncees
2026-07-08 10:47:34 [VisionSync] INFO Sync terminee: 10719 immat, 32 blacklist
2026-07-08 10:49:25 [VisionSync] INFO === Demarrage sync Vision incremental ===
2026-07-08 10:49:28 [VisionSync] INFO Config syncee: GPF 2026
2026-07-08 10:52:33 [VisionSync] INFO Immatriculations: 10719 upsert
2026-07-08 10:52:33 [VisionSync] INFO Blacklist: 32 entrees syncees
2026-07-08 10:52:33 [VisionSync] INFO Sync terminee: 10719 immat, 32 blacklist
2026-07-08 10:53:55 [VisionSync] INFO === Demarrage sync Vision incremental ===
2026-07-08 10:54:06 [VisionSync] INFO Config syncee: GPF 2026
2026-07-08 10:57:17 [VisionSync] INFO Immatriculations: 10719 upsert
2026-07-08 10:57:18 [VisionSync] INFO Blacklist: 32 entrees syncees
2026-07-08 10:57:18 [VisionSync] INFO Sync terminee: 10719 immat, 32 blacklist
2026-07-08 10:59:26 [VisionSync] INFO === Demarrage sync Vision incremental ===
2026-07-08 10:59:28 [VisionSync] INFO Config syncee: GPF 2026
2026-07-08 11:02:50 [VisionSync] INFO Immatriculations: 10719 upsert
2026-07-08 11:02:50 [VisionSync] INFO Blacklist: 32 entrees syncees
2026-07-08 11:02:50 [VisionSync] INFO Sync terminee: 10719 immat, 32 blacklist
2026-07-08 11:03:56 [VisionSync] INFO === Demarrage sync Vision incremental ===
2026-07-08 11:04:03 [VisionSync] INFO Config syncee: GPF 2026
2026-07-08 11:07:31 [VisionSync] INFO Immatriculations: 10719 upsert
2026-07-08 11:07:32 [VisionSync] INFO Blacklist: 32 entrees syncees
2026-07-08 11:07:32 [VisionSync] INFO Sync terminee: 10719 immat, 32 blacklist
2026-07-08 11:09:25 [VisionSync] INFO === Demarrage sync Vision incremental ===
2026-07-08 11:09:29 [VisionSync] INFO Config syncee: GPF 2026
2026-07-08 11:13:10 [VisionSync] INFO Immatriculations: 10719 upsert
2026-07-08 11:13:11 [VisionSync] INFO Blacklist: 32 entrees syncees
2026-07-08 11:13:11 [VisionSync] INFO Sync terminee: 10719 immat, 32 blacklist
2026-07-08 11:14:26 [VisionSync] INFO === Demarrage sync Vision incremental ===
2026-07-08 11:14:27 [VisionSync] INFO Config syncee: GPF 2026
2026-07-08 11:17:58 [VisionSync] INFO Immatriculations: 10719 upsert
2026-07-08 11:17:58 [VisionSync] INFO Blacklist: 32 entrees syncees
2026-07-08 11:17:58 [VisionSync] INFO Sync terminee: 10719 immat, 32 blacklist
2026-07-08 11:19:25 [VisionSync] INFO === Demarrage sync Vision incremental ===
2026-07-08 11:19:29 [VisionSync] INFO Config syncee: GPF 2026
2026-07-08 11:22:43 [VisionSync] INFO Immatriculations: 10719 upsert
2026-07-08 11:22:43 [VisionSync] INFO Blacklist: 32 entrees syncees
2026-07-08 11:22:43 [VisionSync] INFO Sync terminee: 10719 immat, 32 blacklist
2026-07-08 11:23:56 [VisionSync] INFO === Demarrage sync Vision incremental ===
2026-07-08 11:24:01 [VisionSync] INFO Config syncee: GPF 2026
2026-07-08 11:27:10 [VisionSync] INFO Immatriculations: 10719 upsert
2026-07-08 11:27:11 [VisionSync] INFO Blacklist: 32 entrees syncees
2026-07-08 11:27:11 [VisionSync] INFO Sync terminee: 10719 immat, 32 blacklist
2026-07-08 11:29:26 [VisionSync] INFO === Demarrage sync Vision incremental ===
2026-07-08 11:29:32 [VisionSync] INFO Config syncee: GPF 2026
2026-07-08 11:32:40 [VisionSync] INFO Immatriculations: 10719 upsert
2026-07-08 11:32:40 [VisionSync] INFO Blacklist: 32 entrees syncees
2026-07-08 11:32:40 [VisionSync] INFO Sync terminee: 10719 immat, 32 blacklist
2026-07-08 11:33:55 [VisionSync] INFO === Demarrage sync Vision incremental ===
2026-07-08 11:34:02 [VisionSync] INFO Config syncee: GPF 2026
2026-07-08 11:37:04 [VisionSync] INFO Immatriculations: 10719 upsert
2026-07-08 11:37:05 [VisionSync] INFO Blacklist: 32 entrees syncees
2026-07-08 11:37:05 [VisionSync] INFO Sync terminee: 10719 immat, 32 blacklist
2026-07-08 11:38:55 [VisionSync] INFO === Demarrage sync Vision incremental ===
2026-07-08 11:39:02 [VisionSync] INFO Config syncee: GPF 2026
2026-07-08 11:42:14 [VisionSync] INFO Immatriculations: 10719 upsert
2026-07-08 11:42:14 [VisionSync] INFO Blacklist: 32 entrees syncees
2026-07-08 11:42:14 [VisionSync] INFO Sync terminee: 10719 immat, 32 blacklist
2026-07-08 11:44:26 [VisionSync] INFO === Demarrage sync Vision incremental ===
2026-07-08 11:44:30 [VisionSync] INFO Config syncee: GPF 2026
2026-07-08 11:47:54 [VisionSync] INFO Immatriculations: 10719 upsert
2026-07-08 11:47:54 [VisionSync] INFO Blacklist: 32 entrees syncees
2026-07-08 11:47:54 [VisionSync] INFO Sync terminee: 10719 immat, 32 blacklist
2026-07-08 11:49:25 [VisionSync] INFO === Demarrage sync Vision incremental ===
2026-07-08 11:49:30 [VisionSync] INFO Config syncee: GPF 2026
2026-07-08 11:52:59 [VisionSync] INFO Immatriculations: 10719 upsert
2026-07-08 11:52:59 [VisionSync] INFO Blacklist: 32 entrees syncees
2026-07-08 11:52:59 [VisionSync] INFO Sync terminee: 10719 immat, 32 blacklist
2026-07-08 11:53:56 [VisionSync] INFO === Demarrage sync Vision incremental ===
2026-07-08 11:54:02 [VisionSync] INFO Config syncee: GPF 2026
2026-07-08 11:57:36 [VisionSync] INFO Immatriculations: 10719 upsert
2026-07-08 11:57:36 [VisionSync] INFO Blacklist: 32 entrees syncees
2026-07-08 11:57:36 [VisionSync] INFO Sync terminee: 10719 immat, 32 blacklist
2026-07-08 11:59:26 [VisionSync] INFO === Demarrage sync Vision incremental ===
2026-07-08 11:59:29 [VisionSync] INFO Config syncee: GPF 2026
2026-07-08 12:03:19 [VisionSync] INFO Immatriculations: 10719 upsert
2026-07-08 12:03:19 [VisionSync] INFO Blacklist: 32 entrees syncees
2026-07-08 12:03:19 [VisionSync] INFO Sync terminee: 10719 immat, 32 blacklist
2026-07-08 12:04:26 [VisionSync] INFO === Demarrage sync Vision incremental ===
2026-07-08 12:04:32 [VisionSync] INFO Config syncee: GPF 2026
2026-07-08 12:08:20 [VisionSync] INFO Immatriculations: 10719 upsert
2026-07-08 12:08:20 [VisionSync] INFO Blacklist: 32 entrees syncees
2026-07-08 12:08:20 [VisionSync] INFO Sync terminee: 10719 immat, 32 blacklist
2026-07-08 12:08:55 [VisionSync] INFO === Demarrage sync Vision incremental ===
2026-07-08 12:08:59 [VisionSync] INFO Config syncee: GPF 2026
2026-07-08 12:12:38 [VisionSync] INFO Immatriculations: 10719 upsert
2026-07-08 12:12:38 [VisionSync] INFO Blacklist: 32 entrees syncees
2026-07-08 12:12:38 [VisionSync] INFO Sync terminee: 10719 immat, 32 blacklist
2026-07-08 12:14:10 [VisionSync] INFO === Demarrage sync Vision incremental ===
2026-07-08 12:14:13 [VisionSync] INFO Config syncee: GPF 2026
2026-07-08 12:17:33 [VisionSync] INFO Immatriculations: 10719 upsert
2026-07-08 12:17:33 [VisionSync] INFO Blacklist: 32 entrees syncees
2026-07-08 12:17:33 [VisionSync] INFO Sync terminee: 10719 immat, 32 blacklist
2026-07-08 12:19:26 [VisionSync] INFO === Demarrage sync Vision incremental ===
2026-07-08 12:19:29 [VisionSync] INFO Config syncee: GPF 2026
2026-07-08 12:22:48 [VisionSync] INFO Immatriculations: 10719 upsert
2026-07-08 12:22:49 [VisionSync] INFO Blacklist: 32 entrees syncees
2026-07-08 12:22:49 [VisionSync] INFO Sync terminee: 10719 immat, 32 blacklist
2026-07-08 12:23:56 [VisionSync] INFO === Demarrage sync Vision incremental ===
2026-07-08 12:24:01 [VisionSync] INFO Config syncee: GPF 2026
2026-07-08 12:27:08 [VisionSync] INFO Immatriculations: 10719 upsert
2026-07-08 12:27:08 [VisionSync] INFO Blacklist: 32 entrees syncees
2026-07-08 12:27:08 [VisionSync] INFO Sync terminee: 10719 immat, 32 blacklist
2026-07-08 12:29:26 [VisionSync] INFO === Demarrage sync Vision incremental ===
2026-07-08 12:29:27 [VisionSync] INFO Config syncee: GPF 2026
2026-07-08 12:32:20 [VisionSync] INFO Immatriculations: 10719 upsert
2026-07-08 12:32:20 [VisionSync] INFO Blacklist: 32 entrees syncees
2026-07-08 12:32:20 [VisionSync] INFO Sync terminee: 10719 immat, 32 blacklist
2026-07-08 12:34:26 [VisionSync] INFO === Demarrage sync Vision incremental ===
2026-07-08 12:34:32 [VisionSync] INFO Config syncee: GPF 2026
2026-07-08 12:37:29 [VisionSync] INFO Immatriculations: 10719 upsert
2026-07-08 12:37:29 [VisionSync] INFO Blacklist: 32 entrees syncees
2026-07-08 12:37:29 [VisionSync] INFO Sync terminee: 10719 immat, 32 blacklist
2026-07-08 12:38:55 [VisionSync] INFO === Demarrage sync Vision incremental ===
2026-07-08 12:38:59 [VisionSync] INFO Config syncee: GPF 2026
2026-07-08 12:42:07 [VisionSync] INFO Immatriculations: 10719 upsert
2026-07-08 12:42:08 [VisionSync] INFO Blacklist: 32 entrees syncees
2026-07-08 12:42:08 [VisionSync] INFO Sync terminee: 10719 immat, 32 blacklist
2026-07-08 12:44:26 [VisionSync] INFO === Demarrage sync Vision incremental ===
2026-07-08 12:44:29 [VisionSync] INFO Config syncee: GPF 2026
2026-07-08 12:47:40 [VisionSync] INFO Immatriculations: 10719 upsert
2026-07-08 12:47:40 [VisionSync] INFO Blacklist: 32 entrees syncees
2026-07-08 12:47:40 [VisionSync] INFO Sync terminee: 10719 immat, 32 blacklist
2026-07-08 12:48:55 [VisionSync] INFO === Demarrage sync Vision incremental ===
2026-07-08 12:48:59 [VisionSync] INFO Config syncee: GPF 2026
2026-07-08 12:51:58 [VisionSync] INFO Immatriculations: 10719 upsert
2026-07-08 12:51:58 [VisionSync] INFO Blacklist: 32 entrees syncees
2026-07-08 12:51:58 [VisionSync] INFO Sync terminee: 10719 immat, 32 blacklist
2026-07-08 12:53:56 [VisionSync] INFO === Demarrage sync Vision incremental ===
2026-07-08 12:54:03 [VisionSync] INFO Config syncee: GPF 2026
2026-07-08 12:57:11 [VisionSync] INFO Immatriculations: 10719 upsert
2026-07-08 12:57:12 [VisionSync] INFO Blacklist: 32 entrees syncees
2026-07-08 12:57:12 [VisionSync] INFO Sync terminee: 10719 immat, 32 blacklist
2026-07-08 12:59:26 [VisionSync] INFO === Demarrage sync Vision incremental ===
2026-07-08 12:59:27 [VisionSync] INFO Config syncee: GPF 2026
2026-07-08 13:02:54 [VisionSync] INFO Immatriculations: 10719 upsert
2026-07-08 13:02:55 [VisionSync] INFO Blacklist: 32 entrees syncees
2026-07-08 13:02:55 [VisionSync] INFO Sync terminee: 10719 immat, 32 blacklist
2026-07-08 13:04:26 [VisionSync] INFO === Demarrage sync Vision incremental ===
2026-07-08 13:04:32 [VisionSync] INFO Config syncee: GPF 2026
2026-07-08 13:08:08 [VisionSync] INFO Immatriculations: 10719 upsert
2026-07-08 13:08:09 [VisionSync] INFO Blacklist: 32 entrees syncees
2026-07-08 13:08:09 [VisionSync] INFO Sync terminee: 10719 immat, 32 blacklist
2026-07-08 13:08:55 [VisionSync] INFO === Demarrage sync Vision incremental ===
2026-07-08 13:08:59 [VisionSync] INFO Config syncee: GPF 2026
2026-07-08 13:12:34 [VisionSync] INFO Immatriculations: 10719 upsert
2026-07-08 13:12:34 [VisionSync] INFO Blacklist: 32 entrees syncees
2026-07-08 13:12:34 [VisionSync] INFO Sync terminee: 10719 immat, 32 blacklist
2026-07-08 13:14:26 [VisionSync] INFO === Demarrage sync Vision incremental ===
2026-07-08 13:14:30 [VisionSync] INFO Config syncee: GPF 2026
2026-07-08 13:18:04 [VisionSync] INFO Immatriculations: 10719 upsert
2026-07-08 13:18:05 [VisionSync] INFO Blacklist: 32 entrees syncees
2026-07-08 13:18:05 [VisionSync] INFO Sync terminee: 10719 immat, 32 blacklist
2026-07-08 13:19:25 [VisionSync] INFO === Demarrage sync Vision incremental ===
2026-07-08 13:19:30 [VisionSync] INFO Config syncee: GPF 2026
2026-07-08 13:22:57 [VisionSync] INFO Immatriculations: 10719 upsert
2026-07-08 13:22:57 [VisionSync] INFO Blacklist: 32 entrees syncees
2026-07-08 13:22:57 [VisionSync] INFO Sync terminee: 10719 immat, 32 blacklist
2026-07-08 13:23:55 [VisionSync] INFO === Demarrage sync Vision incremental ===
2026-07-08 13:24:02 [VisionSync] INFO Config syncee: GPF 2026
2026-07-08 13:27:11 [VisionSync] INFO Immatriculations: 10719 upsert
2026-07-08 13:27:12 [VisionSync] INFO Blacklist: 32 entrees syncees
2026-07-08 13:27:12 [VisionSync] INFO Sync terminee: 10719 immat, 32 blacklist
2026-07-08 13:29:26 [VisionSync] INFO === Demarrage sync Vision incremental ===
2026-07-08 13:29:26 [VisionSync] INFO Config syncee: GPF 2026
2026-07-08 13:32:43 [VisionSync] INFO Immatriculations: 10719 upsert
2026-07-08 13:32:43 [VisionSync] INFO Blacklist: 32 entrees syncees
2026-07-08 13:32:43 [VisionSync] INFO Sync terminee: 10719 immat, 32 blacklist
2026-07-08 13:34:25 [VisionSync] INFO === Demarrage sync Vision incremental ===
2026-07-08 13:34:32 [VisionSync] INFO Config syncee: GPF 2026
2026-07-08 13:37:55 [VisionSync] INFO Immatriculations: 10719 upsert
2026-07-08 13:37:56 [VisionSync] INFO Blacklist: 32 entrees syncees
2026-07-08 13:37:56 [VisionSync] INFO Sync terminee: 10719 immat, 32 blacklist
2026-07-08 13:38:55 [VisionSync] INFO === Demarrage sync Vision incremental ===
2026-07-08 13:38:59 [VisionSync] INFO Config syncee: GPF 2026
2026-07-08 13:41:58 [VisionSync] INFO Immatriculations: 10719 upsert
2026-07-08 13:41:58 [VisionSync] INFO Blacklist: 32 entrees syncees
2026-07-08 13:41:58 [VisionSync] INFO Sync terminee: 10719 immat, 32 blacklist
2026-07-08 13:44:10 [VisionSync] INFO === Demarrage sync Vision incremental ===
2026-07-08 13:44:15 [VisionSync] INFO Config syncee: GPF 2026
2026-07-08 13:47:16 [VisionSync] INFO Immatriculations: 10719 upsert
2026-07-08 13:47:16 [VisionSync] INFO Blacklist: 32 entrees syncees
2026-07-08 13:47:16 [VisionSync] INFO Sync terminee: 10719 immat, 32 blacklist
2026-07-08 13:49:40 [VisionSync] INFO === Demarrage sync Vision incremental ===
2026-07-08 13:49:43 [VisionSync] INFO Config syncee: GPF 2026
2026-07-08 13:52:49 [VisionSync] INFO Immatriculations: 10719 upsert
2026-07-08 13:52:50 [VisionSync] INFO Blacklist: 32 entrees syncees
2026-07-08 13:52:50 [VisionSync] INFO Sync terminee: 10719 immat, 32 blacklist
2026-07-08 13:53:55 [VisionSync] INFO === Demarrage sync Vision incremental ===
2026-07-08 13:54:03 [VisionSync] INFO Config syncee: GPF 2026
2026-07-08 13:57:17 [VisionSync] INFO Immatriculations: 10719 upsert
2026-07-08 13:57:17 [VisionSync] INFO Blacklist: 32 entrees syncees
2026-07-08 13:57:17 [VisionSync] INFO Sync terminee: 10719 immat, 32 blacklist
2026-07-08 13:59:26 [VisionSync] INFO === Demarrage sync Vision incremental ===
2026-07-08 13:59:30 [VisionSync] INFO Config syncee: GPF 2026
2026-07-08 14:02:49 [VisionSync] INFO Immatriculations: 10719 upsert
2026-07-08 14:02:50 [VisionSync] INFO Blacklist: 32 entrees syncees
2026-07-08 14:02:50 [VisionSync] INFO Sync terminee: 10719 immat, 32 blacklist
2026-07-08 14:03:55 [VisionSync] INFO === Demarrage sync Vision incremental ===
2026-07-08 14:04:03 [VisionSync] INFO Config syncee: GPF 2026
2026-07-08 14:07:28 [VisionSync] INFO Immatriculations: 10719 upsert
2026-07-08 14:07:28 [VisionSync] INFO Blacklist: 32 entrees syncees
2026-07-08 14:07:28 [VisionSync] INFO Sync terminee: 10719 immat, 32 blacklist
2026-07-08 14:08:55 [VisionSync] INFO === Demarrage sync Vision incremental ===
2026-07-08 14:08:59 [VisionSync] INFO Config syncee: GPF 2026
2026-07-08 14:12:27 [VisionSync] INFO Immatriculations: 10719 upsert
2026-07-08 14:12:27 [VisionSync] INFO Blacklist: 32 entrees syncees
2026-07-08 14:12:27 [VisionSync] INFO Sync terminee: 10719 immat, 32 blacklist
2026-07-08 14:14:26 [VisionSync] INFO === Demarrage sync Vision incremental ===
2026-07-08 14:14:32 [VisionSync] INFO Config syncee: GPF 2026
2026-07-08 14:17:33 [VisionSync] INFO Immatriculations: 10719 upsert
2026-07-08 14:17:34 [VisionSync] INFO Blacklist: 32 entrees syncees
2026-07-08 14:17:34 [VisionSync] INFO Sync terminee: 10719 immat, 32 blacklist
2026-07-08 14:19:25 [VisionSync] INFO === Demarrage sync Vision incremental ===
2026-07-08 14:19:30 [VisionSync] INFO Config syncee: GPF 2026
2026-07-08 14:22:38 [VisionSync] INFO Immatriculations: 10719 upsert
2026-07-08 14:22:39 [VisionSync] INFO Blacklist: 32 entrees syncees
2026-07-08 14:22:39 [VisionSync] INFO Sync terminee: 10719 immat, 32 blacklist
2026-07-08 14:23:55 [VisionSync] INFO === Demarrage sync Vision incremental ===
2026-07-08 14:24:01 [VisionSync] INFO Config syncee: GPF 2026
2026-07-08 14:27:13 [VisionSync] INFO Immatriculations: 10719 upsert
2026-07-08 14:27:13 [VisionSync] INFO Blacklist: 32 entrees syncees
2026-07-08 14:27:13 [VisionSync] INFO Sync terminee: 10719 immat, 32 blacklist
2026-07-08 14:29:26 [VisionSync] INFO === Demarrage sync Vision incremental ===
2026-07-08 14:29:27 [VisionSync] INFO Config syncee: GPF 2026
2026-07-08 14:32:55 [VisionSync] INFO Immatriculations: 10719 upsert
2026-07-08 14:32:55 [VisionSync] INFO Blacklist: 32 entrees syncees
2026-07-08 14:32:55 [VisionSync] INFO Sync terminee: 10719 immat, 32 blacklist
2026-07-08 14:34:26 [VisionSync] INFO === Demarrage sync Vision incremental ===
2026-07-08 14:34:33 [VisionSync] INFO Config syncee: GPF 2026
2026-07-08 14:37:49 [VisionSync] INFO Immatriculations: 10719 upsert
2026-07-08 14:37:49 [VisionSync] INFO Blacklist: 32 entrees syncees
2026-07-08 14:37:49 [VisionSync] INFO Sync terminee: 10719 immat, 32 blacklist
2026-07-08 14:38:55 [VisionSync] INFO === Demarrage sync Vision incremental ===
2026-07-08 14:38:59 [VisionSync] INFO Config syncee: GPF 2026
2026-07-08 14:42:16 [VisionSync] INFO Immatriculations: 10719 upsert
2026-07-08 14:42:17 [VisionSync] INFO Blacklist: 32 entrees syncees
2026-07-08 14:42:17 [VisionSync] INFO Sync terminee: 10719 immat, 32 blacklist
2026-07-08 14:44:10 [VisionSync] INFO === Demarrage sync Vision incremental ===
2026-07-08 14:44:15 [VisionSync] INFO Config syncee: GPF 2026
2026-07-08 14:47:45 [VisionSync] INFO Immatriculations: 10719 upsert
2026-07-08 14:47:45 [VisionSync] INFO Blacklist: 32 entrees syncees
2026-07-08 14:47:45 [VisionSync] INFO Sync terminee: 10719 immat, 32 blacklist
2026-07-08 14:49:26 [VisionSync] INFO === Demarrage sync Vision incremental ===
2026-07-08 14:49:27 [VisionSync] INFO Config syncee: GPF 2026
2026-07-08 14:52:59 [VisionSync] INFO Immatriculations: 10719 upsert
2026-07-08 14:52:59 [VisionSync] INFO Blacklist: 32 entrees syncees
2026-07-08 14:52:59 [VisionSync] INFO Sync terminee: 10719 immat, 32 blacklist
2026-07-08 14:53:55 [VisionSync] INFO === Demarrage sync Vision incremental ===
2026-07-08 14:54:03 [VisionSync] INFO Config syncee: GPF 2026
2026-07-08 14:57:46 [VisionSync] INFO Immatriculations: 10719 upsert
2026-07-08 14:57:46 [VisionSync] INFO Blacklist: 32 entrees syncees
2026-07-08 14:57:46 [VisionSync] INFO Sync terminee: 10719 immat, 32 blacklist
2026-07-08 14:59:26 [VisionSync] INFO === Demarrage sync Vision incremental ===
2026-07-08 14:59:29 [VisionSync] INFO Config syncee: GPF 2026
2026-07-08 15:02:42 [VisionSync] INFO Immatriculations: 10719 upsert
2026-07-08 15:02:42 [VisionSync] INFO Blacklist: 32 entrees syncees
2026-07-08 15:02:42 [VisionSync] INFO Sync terminee: 10719 immat, 32 blacklist
2026-07-08 15:04:25 [VisionSync] INFO === Demarrage sync Vision incremental ===
2026-07-08 15:04:33 [VisionSync] INFO Config syncee: GPF 2026
2026-07-08 15:07:39 [VisionSync] INFO Immatriculations: 10719 upsert
2026-07-08 15:07:39 [VisionSync] INFO Blacklist: 32 entrees syncees
2026-07-08 15:07:39 [VisionSync] INFO Sync terminee: 10719 immat, 32 blacklist
2026-07-08 15:08:55 [VisionSync] INFO === Demarrage sync Vision incremental ===
2026-07-08 15:08:59 [VisionSync] INFO Config syncee: GPF 2026
2026-07-08 15:12:12 [VisionSync] INFO Immatriculations: 10719 upsert
2026-07-08 15:12:12 [VisionSync] INFO Blacklist: 32 entrees syncees
2026-07-08 15:12:12 [VisionSync] INFO Sync terminee: 10719 immat, 32 blacklist
2026-07-08 15:14:26 [VisionSync] INFO === Demarrage sync Vision incremental ===
2026-07-08 15:14:32 [VisionSync] INFO Config syncee: GPF 2026
2026-07-08 15:17:58 [VisionSync] INFO Immatriculations: 10719 upsert
2026-07-08 15:17:58 [VisionSync] INFO Blacklist: 32 entrees syncees
2026-07-08 15:17:58 [VisionSync] INFO Sync terminee: 10719 immat, 32 blacklist
2026-07-08 15:19:25 [VisionSync] INFO === Demarrage sync Vision incremental ===
2026-07-08 15:19:29 [VisionSync] INFO Config syncee: GPF 2026
2026-07-08 15:22:58 [VisionSync] INFO Immatriculations: 10719 upsert
2026-07-08 15:22:58 [VisionSync] INFO Blacklist: 32 entrees syncees
2026-07-08 15:22:58 [VisionSync] INFO Sync terminee: 10719 immat, 32 blacklist
2026-07-08 15:23:55 [VisionSync] INFO === Demarrage sync Vision incremental ===
2026-07-08 15:24:03 [VisionSync] INFO Config syncee: GPF 2026
2026-07-08 15:27:45 [VisionSync] INFO Immatriculations: 10719 upsert
2026-07-08 15:27:45 [VisionSync] INFO Blacklist: 32 entrees syncees
2026-07-08 15:27:45 [VisionSync] INFO Sync terminee: 10719 immat, 32 blacklist
2026-07-08 15:29:26 [VisionSync] INFO === Demarrage sync Vision incremental ===
2026-07-08 15:29:28 [VisionSync] INFO Config syncee: GPF 2026
2026-07-08 15:32:52 [VisionSync] INFO Immatriculations: 10719 upsert
2026-07-08 15:32:52 [VisionSync] INFO Blacklist: 32 entrees syncees
2026-07-08 15:32:52 [VisionSync] INFO Sync terminee: 10719 immat, 32 blacklist
2026-07-08 15:34:26 [VisionSync] INFO === Demarrage sync Vision incremental ===
2026-07-08 15:34:32 [VisionSync] INFO Config syncee: GPF 2026
2026-07-08 15:37:58 [VisionSync] INFO Immatriculations: 10719 upsert
2026-07-08 15:37:58 [VisionSync] INFO Blacklist: 32 entrees syncees
2026-07-08 15:37:58 [VisionSync] INFO Sync terminee: 10719 immat, 32 blacklist
2026-07-08 15:38:55 [VisionSync] INFO === Demarrage sync Vision incremental ===
2026-07-08 15:38:58 [VisionSync] INFO Config syncee: GPF 2026
2026-07-08 15:42:37 [VisionSync] INFO Immatriculations: 10719 upsert
2026-07-08 15:42:38 [VisionSync] INFO Blacklist: 32 entrees syncees
2026-07-08 15:42:38 [VisionSync] INFO Sync terminee: 10719 immat, 32 blacklist
2026-07-08 15:44:10 [VisionSync] INFO === Demarrage sync Vision incremental ===
2026-07-08 15:44:15 [VisionSync] INFO Config syncee: GPF 2026
2026-07-08 15:48:01 [VisionSync] INFO Immatriculations: 10719 upsert
2026-07-08 15:48:02 [VisionSync] INFO Blacklist: 32 entrees syncees
2026-07-08 15:48:02 [VisionSync] INFO Sync terminee: 10719 immat, 32 blacklist
2026-07-08 15:49:25 [VisionSync] INFO === Demarrage sync Vision incremental ===
2026-07-08 15:49:29 [VisionSync] INFO Config syncee: GPF 2026
2026-07-08 15:52:51 [VisionSync] INFO Immatriculations: 10719 upsert
2026-07-08 15:52:51 [VisionSync] INFO Blacklist: 32 entrees syncees
2026-07-08 15:52:51 [VisionSync] INFO Sync terminee: 10719 immat, 32 blacklist
2026-07-08 15:53:56 [VisionSync] INFO === Demarrage sync Vision incremental ===
2026-07-08 15:54:02 [VisionSync] INFO Config syncee: GPF 2026
2026-07-08 15:57:08 [VisionSync] INFO Immatriculations: 10719 upsert
2026-07-08 15:57:08 [VisionSync] INFO Blacklist: 32 entrees syncees
2026-07-08 15:57:08 [VisionSync] INFO Sync terminee: 10719 immat, 32 blacklist
2026-07-08 15:59:05 [VisionSync] INFO === Demarrage sync Vision incremental ===
2026-07-08 15:59:08 [VisionSync] INFO Config syncee: GPF 2026
2026-07-08 16:02:13 [VisionSync] INFO Immatriculations: 10719 upsert
2026-07-08 16:02:13 [VisionSync] INFO Blacklist: 32 entrees syncees
2026-07-08 16:02:13 [VisionSync] INFO Sync terminee: 10719 immat, 32 blacklist
2026-07-08 16:04:26 [VisionSync] INFO === Demarrage sync Vision incremental ===
2026-07-08 16:04:32 [VisionSync] INFO Config syncee: GPF 2026
2026-07-08 16:07:43 [VisionSync] INFO Immatriculations: 10719 upsert
2026-07-08 16:07:43 [VisionSync] INFO Blacklist: 32 entrees syncees
2026-07-08 16:07:43 [VisionSync] INFO Sync terminee: 10719 immat, 32 blacklist
2026-07-08 16:08:56 [VisionSync] INFO === Demarrage sync Vision incremental ===
2026-07-08 16:08:58 [VisionSync] INFO Config syncee: GPF 2026
